Log file open, 11/03/20 15:44:11
LogWindows: Failed to load 'aqProf.dll' (GetLastError=126)
LogWindows: File 'aqProf.dll' does not exist
LogWindows: Failed to load 'VtuneApi.dll' (GetLastError=126)
LogWindows: File 'VtuneApi.dll' does not exist
LogWindows: Failed to load 'VtuneApi32e.dll' (GetLastError=126)
LogWindows: File 'VtuneApi32e.dll' does not exist
LogConsoleResponse: Display: Failed to find resolution value strings in scalability ini. Falling back to default.
LogInit: Display: Running engine for game: ShaderDemo
LogPlatformFile: Not using cached read wrapper
LogTaskGraph: Started task graph with 5 named threads and 20 total threads with 3 sets of task threads.
LogStats: Stats thread started at 0.068853
LogD3D11RHI: Loaded GFSDK_Aftermath_Lib.x64.dll
LogICUInternationalization: ICU TimeZone Detection - Raw Offset: +0:00, Platform Override: ''
LogPluginManager: Mounting plugin Paper2D
LogPluginManager: Mounting plugin AISupport
LogPluginManager: Mounting plugin LightPropagationVolume
LogPluginManager: Mounting plugin ActorLayerUtilities
LogPluginManager: Mounting plugin AnimationSharing
LogPluginManager: Mounting plugin CLionSourceCodeAccess
LogPluginManager: Mounting plugin CodeLiteSourceCodeAccess
LogPluginManager: Mounting plugin GitSourceControl
LogPluginManager: Mounting plugin KDevelopSourceCodeAccess
LogPluginManager: Mounting plugin NullSourceCodeAccess
LogPluginManager: Mounting plugin PerforceSourceControl
LogPluginManager: Mounting plugin SubversionSourceControl
LogPluginManager: Mounting plugin UObjectPlugin
LogPluginManager: Mounting plugin VisualStudioCodeSourceCodeAccess
LogPluginManager: Mounting plugin VisualStudioSourceCodeAccess
LogPluginManager: Mounting plugin XCodeSourceCodeAccess
LogPluginManager: Mounting plugin AssetManagerEditor
LogPluginManager: Mounting plugin CryptoKeys
LogPluginManager: Mounting plugin CurveEditorTools
LogPluginManager: Mounting plugin DataValidation
LogPluginManager: Mounting plugin FacialAnimation
LogPluginManager: Mounting plugin GameplayTagsEditor
LogPluginManager: Mounting plugin MacGraphicsSwitching
LogPluginManager: Mounting plugin MaterialAnalyzer
LogPluginManager: Mounting plugin MobileLauncherProfileWizard
LogPluginManager: Mounting plugin PluginBrowser
LogPluginManager: Mounting plugin SpeedTreeImporter
LogPluginManager: Mounting plugin DatasmithContent
LogPluginManager: Mounting plugin VariantManagerContent
LogPluginManager: Mounting plugin AlembicImporter
LogPluginManager: Mounting plugin AutomationUtils
LogPluginManager: Mounting plugin BackChannel
LogPluginManager: Mounting plugin CharacterAI
LogPluginManager: Mounting plugin GeometryCache
LogPluginManager: Mounting plugin HTML5Networking
LogPluginManager: Mounting plugin PlatformCrypto
LogPluginManager: Mounting plugin ProxyLODPlugin
LogPluginManager: Mounting plugin SkeletalReduction
LogPluginManager: Mounting plugin MagicLeap
LogPluginManager: Mounting plugin MagicLeapMedia
LogPluginManager: Mounting plugin AndroidMedia
LogPluginManager: Mounting plugin AvfMedia
LogPluginManager: Mounting plugin ImgMedia
LogPluginManager: Mounting plugin MediaCompositing
LogPluginManager: Mounting plugin MediaPlayerEditor
LogPluginManager: Mounting plugin WebMMedia
LogPluginManager: Mounting plugin WmfMedia
LogPluginManager: Mounting plugin TcpMessaging
LogPluginManager: Mounting plugin UdpMessaging
LogPluginManager: Mounting plugin ActorSequence
LogPluginManager: Mounting plugin LevelSequenceEditor
LogPluginManager: Mounting plugin MatineeToLevelSequence
LogPluginManager: Mounting plugin NetcodeUnitTest
LogPluginManager: Mounting plugin NUTUnrealEngine4
LogPluginManager: Mounting plugin OnlineSubsystemGooglePlay
LogPluginManager: Mounting plugin OnlineSubsystemIOS
LogPluginManager: Mounting plugin OnlineSubsystem
LogPluginManager: Mounting plugin OnlineSubsystemNull
LogPluginManager: Mounting plugin OnlineSubsystemUtils
LogPluginManager: Mounting plugin LauncherChunkInstaller
LogPluginManager: Mounting plugin AndroidDeviceProfileSelector
LogPluginManager: Mounting plugin AndroidMoviePlayer
LogPluginManager: Mounting plugin AndroidPermission
LogPluginManager: Mounting plugin AppleImageUtils
LogPluginManager: Mounting plugin AppleMoviePlayer
LogPluginManager: Mounting plugin ArchVisCharacter
LogPluginManager: Mounting plugin AudioCapture
LogPluginManager: Mounting plugin CableComponent
LogPluginManager: Mounting plugin CustomMeshComponent
LogPluginManager: Mounting plugin EditableMesh
LogPluginManager: Mounting plugin ExampleDeviceProfileSelector
LogPluginManager: Mounting plugin GoogleCloudMessaging
LogPluginManager: Mounting plugin IOSDeviceProfileSelector
LogPluginManager: Mounting plugin LinuxDeviceProfileSelector
LogPluginManager: Mounting plugin LocationServicesBPLibrary
LogPluginManager: Mounting plugin MobilePatchingUtils
LogPluginManager: Mounting plugin OculusVR
LogPluginManager: Mounting plugin PhysXVehicles
LogPluginManager: Mounting plugin ProceduralMeshComponent
LogPluginManager: Mounting plugin RuntimePhysXCooking
LogPluginManager: Mounting plugin SignificanceManager
LogPluginManager: Mounting plugin SteamVR
LogPluginManager: Mounting plugin WebMMoviePlayer
LogPluginManager: Mounting plugin WindowsMoviePlayer
LogPluginManager: Mounting plugin ScreenshotTools
LogInit: Using libcurl 7.55.1-DEV
LogInit:  - built for x86_64-pc-win32
LogInit:  - supports SSL with OpenSSL/1.1.1
LogInit:  - supports HTTP deflate (compression) using libz 1.2.8
LogInit:  - other features:
LogInit:      CURL_VERSION_SSL
LogInit:      CURL_VERSION_LIBZ
LogInit:      CURL_VERSION_IPV6
LogInit:      CURL_VERSION_ASYNCHDNS
LogInit:      CURL_VERSION_LARGEFILE
LogInit:      CURL_VERSION_IDN
LogInit:  CurlRequestOptions (configurable via config and command line):
LogInit:  - bVerifyPeer = true  - Libcurl will verify peer certificate
LogInit:  - bUseHttpProxy = false  - Libcurl will NOT use HTTP proxy
LogInit:  - bDontReuseConnections = false  - Libcurl will reuse connections
LogInit:  - MaxHostConnections = 16  - Libcurl will limit the number of connections to a host
LogInit:  - LocalHostAddr = Default
LogInit:  - BufferSize = 65536
LogOnline: OSS: Creating online subsystem instance for: NULL
LogInit: WinSock: version 1.1 (2.2), MaxSocks=32767, MaxUdp=65467
LogInit: Build: ++UE4+Release-4.23-CL-9631420
LogInit: Engine Version: 4.23.1-9631420+++UE4+Release-4.23
LogInit: Compatible Engine Version: 4.23.0-8386587+++UE4+Release-4.23
LogInit: Net CL: 8386587
LogInit: OS: Windows 10 (Release 1909) (), CPU: Intel(R) Core(TM) i5-9400F CPU @ 2.90GHz, GPU: NVIDIA GeForce GTX 1660 Ti
LogInit: Compiled (64-bit): Oct 18 2019 02:07:44
LogInit: Compiled with Visual C++: 19.16.27030.01
LogInit: Build Configuration: Development
LogInit: Branch Name: ++UE4+Release-4.23
LogInit: Command Line: 
LogInit: Base Directory: C:/Program Files/Epic Games/UE_4.23/Engine/Binaries/Win64/
LogInit: Installed Engine Build: 1
LogDevObjectVersion: Number of dev versions registered: 23
LogDevObjectVersion:   Dev-Blueprints (B0D832E4-1F89-4F0D-ACCF-7EB736FD4AA2): 10
LogDevObjectVersion:   Dev-Build (E1C64328-A22C-4D53-A36C-8E866417BD8C): 0
LogDevObjectVersion:   Dev-Core (375EC13C-06E4-48FB-B500-84F0262A717E): 3
LogDevObjectVersion:   Dev-Editor (E4B068ED-F494-42E9-A231-DA0B2E46BB41): 34
LogDevObjectVersion:   Dev-Framework (CFFC743F-43B0-4480-9391-14DF171D2073): 35
LogDevObjectVersion:   Dev-Mobile (B02B49B5-BB20-44E9-A304-32B752E40360): 2
LogDevObjectVersion:   Dev-Networking (A4E4105C-59A1-49B5-A7C5-40C4547EDFEE): 0
LogDevObjectVersion:   Dev-Online (39C831C9-5AE6-47DC-9A44-9C173E1C8E7C): 0
LogDevObjectVersion:   Dev-Physics (78F01B33-EBEA-4F98-B9B4-84EACCB95AA2): 0
LogDevObjectVersion:   Dev-Platform (6631380F-2D4D-43E0-8009-CF276956A95A): 0
LogDevObjectVersion:   Dev-Rendering (12F88B9F-8875-4AFC-A67C-D90C383ABD29): 31
LogDevObjectVersion:   Dev-Sequencer (7B5AE74C-D270-4C10-A958-57980B212A5A): 11
LogDevObjectVersion:   Dev-VR (D7296918-1DD6-4BDD-9DE2-64A83CC13884): 2
LogDevObjectVersion:   Dev-LoadTimes (C2A15278-BFE7-4AFE-6C17-90FF531DF755): 1
LogDevObjectVersion:   Private-Geometry (6EACA3D4-40EC-4CC1-B786-8BED09428FC5): 3
LogDevObjectVersion:   Dev-AnimPhys (29E575DD-E0A3-4627-9D10-D276232CDCEA): 17
LogDevObjectVersion:   Dev-Anim (AF43A65D-7FD3-4947-9873-3E8ED9C1BB05): 2
LogDevObjectVersion:   Dev-ReflectionCapture (6B266CEC-1EC7-4B8F-A30B-E4D90942FC07): 1
LogDevObjectVersion:   Dev-Automation (0DF73D61-A23F-47EA-B727-89E90C41499A): 1
LogDevObjectVersion:   FortniteMain (601D1886-AC64-4F84-AA16-D3DE0DEAC7D6): 27
LogDevObjectVersion:   Dev-Enterprise (9DFFBCD6-494F-0158-E221-12823C92A888): 6
LogDevObjectVersion:   Dev-Niagara (F2AED0AC-9AFE-416F-8664-AA7FFA26D6FC): 1
LogDevObjectVersion:   Dev-Destruction (174F1F0B-B4C6-45A5-B13F-2EE8D0FB917D): 9
LogInit: Presizing for max 16777216 objects, including 0 objects not considered by GC, pre-allocating 0 bytes for permanent pool.
LogInit: Object subsystem initialized
LogConfig: Setting CVar [[con.DebugEarlyDefault:1]]
LogConfig: Setting CVar [[r.setres:1280x720]]
[2020.11.03-15.44.11:500][  0]LogConfig: Setting CVar [[r.VSync:0]]
[2020.11.03-15.44.11:500][  0]LogConfig: Setting CVar [[r.RHICmdBypass:0]]
[2020.11.03-15.44.11:500][  0]LogConfig: Applying CVar settings from Section [/Script/Engine.RendererSettings] File [C:/Users/chloe/Documents/Year3/BSc3A_ExperimentalPractice/Project/Saved/Config/Windows/Engine.ini]
[2020.11.03-15.44.11:500][  0]LogConfig: Setting CVar [[r.GPUCrashDebugging:0]]
[2020.11.03-15.44.11:500][  0]LogConfig: Applying CVar settings from Section [/Script/Engine.RendererOverrideSettings] File [C:/Users/chloe/Documents/Year3/BSc3A_ExperimentalPractice/Project/Saved/Config/Windows/Engine.ini]
[2020.11.03-15.44.11:500][  0]LogConfig: Applying CVar settings from Section [/Script/Engine.StreamingSettings] File [C:/Users/chloe/Documents/Year3/BSc3A_ExperimentalPractice/Project/Saved/Config/Windows/Engine.ini]
[2020.11.03-15.44.11:500][  0]LogConfig: Setting CVar [[s.MinBulkDataSizeForAsyncLoading:131072]]
[2020.11.03-15.44.11:500][  0]LogConfig: Setting CVar [[s.AsyncLoadingThreadEnabled:0]]
[2020.11.03-15.44.11:500][  0]LogConfig: Setting CVar [[s.EventDrivenLoaderEnabled:1]]
[2020.11.03-15.44.11:500][  0]LogConfig: Setting CVar [[s.WarnIfTimeLimitExceeded:0]]
[2020.11.03-15.44.11:500][  0]LogConfig: Setting CVar [[s.TimeLimitExceededMultiplier:1.5]]
[2020.11.03-15.44.11:500][  0]LogConfig: Setting CVar [[s.TimeLimitExceededMinTime:0.005]]
[2020.11.03-15.44.11:500][  0]LogConfig: Setting CVar [[s.UseBackgroundLevelStreaming:1]]
[2020.11.03-15.44.11:500][  0]LogConfig: Setting CVar [[s.PriorityAsyncLoadingExtraTime:15.0]]
[2020.11.03-15.44.11:500][  0]LogConfig: Setting CVar [[s.LevelStreamingActorsUpdateTimeLimit:5.0]]
[2020.11.03-15.44.11:500][  0]LogConfig: Setting CVar [[s.PriorityLevelStreamingActorsUpdateExtraTime:5.0]]
[2020.11.03-15.44.11:500][  0]LogConfig: Setting CVar [[s.LevelStreamingComponentsRegistrationGranularity:10]]
[2020.11.03-15.44.11:500][  0]LogConfig: Setting CVar [[s.UnregisterComponentsTimeLimit:1.0]]
[2020.11.03-15.44.11:500][  0]LogConfig: Setting CVar [[s.LevelStreamingComponentsUnregistrationGranularity:5]]
[2020.11.03-15.44.11:500][  0]LogConfig: Applying CVar settings from Section [/Script/Engine.GarbageCollectionSettings] File [C:/Users/chloe/Documents/Year3/BSc3A_ExperimentalPractice/Project/Saved/Config/Windows/Engine.ini]
[2020.11.03-15.44.11:500][  0]LogConfig: Setting CVar [[gc.MaxObjectsNotConsideredByGC:1]]
[2020.11.03-15.44.11:500][  0]LogConfig: Setting CVar [[gc.SizeOfPermanentObjectPool:0]]
[2020.11.03-15.44.11:500][  0]LogConfig: Setting CVar [[gc.FlushStreamingOnGC:0]]
[2020.11.03-15.44.11:500][  0]LogConfig: Setting CVar [[gc.NumRetriesBeforeForcingGC:10]]
[2020.11.03-15.44.11:500][  0]LogConfig: Setting CVar [[gc.AllowParallelGC:1]]
[2020.11.03-15.44.11:500][  0]LogConfig: Setting CVar [[gc.TimeBetweenPurgingPendingKillObjects:61.1]]
[2020.11.03-15.44.11:500][  0]LogConfig: Setting CVar [[gc.MaxObjectsInEditor:16777216]]
[2020.11.03-15.44.11:500][  0]LogConfig: Setting CVar [[gc.IncrementalBeginDestroyEnabled:1]]
[2020.11.03-15.44.11:500][  0]LogConfig: Setting CVar [[gc.CreateGCClusters:1]]
[2020.11.03-15.44.11:501][  0]LogConfig: Setting CVar [[gc.MinGCClusterSize:5]]
[2020.11.03-15.44.11:501][  0]LogConfig: Setting CVar [[gc.ActorClusteringEnabled:0]]
[2020.11.03-15.44.11:501][  0]LogConfig: Setting CVar [[gc.BlueprintClusteringEnabled:0]]
[2020.11.03-15.44.11:501][  0]LogConfig: Setting CVar [[gc.UseDisregardForGCOnDedicatedServers:0]]
[2020.11.03-15.44.11:501][  0]LogConfig: Applying CVar settings from Section [/Script/Engine.NetworkSettings] File [C:/Users/chloe/Documents/Year3/BSc3A_ExperimentalPractice/Project/Saved/Config/Windows/Engine.ini]
[2020.11.03-15.44.11:501][  0]LogConfig: Applying CVar settings from Section [/Script/UnrealEd.CookerSettings] File [C:/Users/chloe/Documents/Year3/BSc3A_ExperimentalPractice/Project/Saved/Config/Windows/Engine.ini]
[2020.11.03-15.44.11:503][  0]LogConfig: Applying CVar settings from Section [ViewDistanceQuality@3] File [C:/Users/chloe/Documents/Year3/BSc3A_ExperimentalPractice/Project/Saved/Config/Windows/Scalability.ini]
[2020.11.03-15.44.11:503][  0]LogConfig: Setting CVar [[r.SkeletalMeshLODBias:0]]
[2020.11.03-15.44.11:503][  0]LogConfig: Setting CVar [[r.ViewDistanceScale:1.0]]
[2020.11.03-15.44.11:503][  0]LogConfig: Applying CVar settings from Section [AntiAliasingQuality@3] File [C:/Users/chloe/Documents/Year3/BSc3A_ExperimentalPractice/Project/Saved/Config/Windows/Scalability.ini]
[2020.11.03-15.44.11:503][  0]LogConfig: Setting CVar [[r.PostProcessAAQuality:4]]
[2020.11.03-15.44.11:503][  0]LogConfig: Applying CVar settings from Section [ShadowQuality@3] File [C:/Users/chloe/Documents/Year3/BSc3A_ExperimentalPractice/Project/Saved/Config/Windows/Scalability.ini]
[2020.11.03-15.44.11:503][  0]LogConfig: Setting CVar [[r.LightFunctionQuality:1]]
[2020.11.03-15.44.11:503][  0]LogConfig: Setting CVar [[r.ShadowQuality:5]]
[2020.11.03-15.44.11:503][  0]LogConfig: Setting CVar [[r.Shadow.CSM.MaxCascades:10]]
[2020.11.03-15.44.11:503][  0]LogConfig: Setting CVar [[r.Shadow.MaxResolution:2048]]
[2020.11.03-15.44.11:503][  0]LogConfig: Setting CVar [[r.Shadow.MaxCSMResolution:2048]]
[2020.11.03-15.44.11:503][  0]LogConfig: Setting CVar [[r.Shadow.RadiusThreshold:0.01]]
[2020.11.03-15.44.11:503][  0]LogConfig: Setting CVar [[r.Shadow.DistanceScale:1.0]]
[2020.11.03-15.44.11:503][  0]LogConfig: Setting CVar [[r.Shadow.CSM.TransitionScale:1.0]]
[2020.11.03-15.44.11:503][  0]LogConfig: Setting CVar [[r.Shadow.PreShadowResolutionFactor:1.0]]
[2020.11.03-15.44.11:503][  0]LogConfig: Setting CVar [[r.DistanceFieldShadowing:1]]
[2020.11.03-15.44.11:503][  0]LogConfig: Setting CVar [[r.DistanceFieldAO:1]]
[2020.11.03-15.44.11:503][  0]LogConfig: Setting CVar [[r.AOQuality:2]]
[2020.11.03-15.44.11:503][  0]LogConfig: Setting CVar [[r.VolumetricFog:1]]
[2020.11.03-15.44.11:503][  0]LogConfig: Setting CVar [[r.VolumetricFog.GridPixelSize:8]]
[2020.11.03-15.44.11:503][  0]LogConfig: Setting CVar [[r.VolumetricFog.GridSizeZ:128]]
[2020.11.03-15.44.11:503][  0]LogConfig: Setting CVar [[r.VolumetricFog.HistoryMissSupersampleCount:4]]
[2020.11.03-15.44.11:503][  0]LogConfig: Setting CVar [[r.LightMaxDrawDistanceScale:1]]
[2020.11.03-15.44.11:503][  0]LogConfig: Setting CVar [[r.CapsuleShadows:1]]
[2020.11.03-15.44.11:504][  0]LogConfig: Applying CVar settings from Section [PostProcessQuality@3] File [C:/Users/chloe/Documents/Year3/BSc3A_ExperimentalPractice/Project/Saved/Config/Windows/Scalability.ini]
[2020.11.03-15.44.11:504][  0]LogConfig: Setting CVar [[r.MotionBlurQuality:4]]
[2020.11.03-15.44.11:504][  0]LogConfig: Setting CVar [[r.AmbientOcclusionMipLevelFactor:0.4]]
[2020.11.03-15.44.11:504][  0]LogConfig: Setting CVar [[r.AmbientOcclusionMaxQuality:100]]
[2020.11.03-15.44.11:504][  0]LogConfig: Setting CVar [[r.AmbientOcclusionLevels:-1]]
[2020.11.03-15.44.11:504][  0]LogConfig: Setting CVar [[r.AmbientOcclusionRadiusScale:1.0]]
[2020.11.03-15.44.11:504][  0]LogConfig: Setting CVar [[r.DepthOfFieldQuality:2]]
[2020.11.03-15.44.11:504][  0]LogConfig: Setting CVar [[r.RenderTargetPoolMin:400]]
[2020.11.03-15.44.11:504][  0]LogConfig: Setting CVar [[r.LensFlareQuality:2]]
[2020.11.03-15.44.11:504][  0]LogConfig: Setting CVar [[r.SceneColorFringeQuality:1]]
[2020.11.03-15.44.11:504][  0]LogConfig: Setting CVar [[r.EyeAdaptationQuality:2]]
[2020.11.03-15.44.11:504][  0]LogConfig: Setting CVar [[r.BloomQuality:5]]
[2020.11.03-15.44.11:504][  0]LogConfig: Setting CVar [[r.FastBlurThreshold:100]]
[2020.11.03-15.44.11:504][  0]LogConfig: Setting CVar [[r.Upscale.Quality:3]]
[2020.11.03-15.44.11:504][  0]LogConfig: Setting CVar [[r.Tonemapper.GrainQuantization:1]]
[2020.11.03-15.44.11:504][  0]LogConfig: Setting CVar [[r.LightShaftQuality:1]]
[2020.11.03-15.44.11:504][  0]LogConfig: Setting CVar [[r.Filter.SizeScale:1]]
[2020.11.03-15.44.11:504][  0]LogConfig: Setting CVar [[r.Tonemapper.Quality:5]]
[2020.11.03-15.44.11:504][  0]LogConfig: Setting CVar [[r.DOF.Gather.AccumulatorQuality:1        ; higher gathering accumulator quality]]
[2020.11.03-15.44.11:504][  0]LogConfig: Setting CVar [[r.DOF.Gather.PostfilterMethod:1          ; Median3x3 postfilering method]]
[2020.11.03-15.44.11:504][  0]LogConfig: Setting CVar [[r.DOF.Gather.EnableBokehSettings:0       ; no bokeh simulation when gathering]]
[2020.11.03-15.44.11:504][  0]LogConfig: Setting CVar [[r.DOF.Gather.RingCount:4                 ; medium number of samples when gathering]]
[2020.11.03-15.44.11:504][  0]LogConfig: Setting CVar [[r.DOF.Scatter.ForegroundCompositing:1    ; additive foreground scattering]]
[2020.11.03-15.44.11:504][  0]LogConfig: Setting CVar [[r.DOF.Scatter.BackgroundCompositing:2    ; additive background scattering]]
[2020.11.03-15.44.11:504][  0]LogConfig: Setting CVar [[r.DOF.Scatter.EnableBokehSettings:1      ; bokeh simulation when scattering]]
[2020.11.03-15.44.11:504][  0]LogConfig: Setting CVar [[r.DOF.Scatter.MaxSpriteRatio:0.1         ; only a maximum of 10% of scattered bokeh]]
[2020.11.03-15.44.11:504][  0]LogConfig: Setting CVar [[r.DOF.Recombine.Quality:1                ; cheap slight out of focus]]
[2020.11.03-15.44.11:504][  0]LogConfig: Setting CVar [[r.DOF.Recombine.EnableBokehSettings:0    ; no bokeh simulation on slight out of focus]]
[2020.11.03-15.44.11:504][  0]LogConfig: Setting CVar [[r.DOF.TemporalAAQuality:1                ; more stable temporal accumulation]]
[2020.11.03-15.44.11:504][  0]LogConfig: Setting CVar [[r.DOF.Kernel.MaxForegroundRadius:0.025]]
[2020.11.03-15.44.11:504][  0]LogConfig: Setting CVar [[r.DOF.Kernel.MaxBackgroundRadius:0.025]]
[2020.11.03-15.44.11:504][  0]LogConfig: Applying CVar settings from Section [TextureQuality@3] File [C:/Users/chloe/Documents/Year3/BSc3A_ExperimentalPractice/Project/Saved/Config/Windows/Scalability.ini]
[2020.11.03-15.44.11:504][  0]LogConfig: Setting CVar [[r.Streaming.MipBias:0]]
[2020.11.03-15.44.11:504][  0]LogConfig: Setting CVar [[r.Streaming.AmortizeCPUToGPUCopy:0]]
[2020.11.03-15.44.11:504][  0]LogConfig: Setting CVar [[r.Streaming.MaxNumTexturesToStreamPerFrame:0]]
[2020.11.03-15.44.11:504][  0]LogConfig: Setting CVar [[r.Streaming.Boost:1]]
[2020.11.03-15.44.11:504][  0]LogConfig: Setting CVar [[r.MaxAnisotropy:8]]
[2020.11.03-15.44.11:504][  0]LogConfig: Setting CVar [[r.Streaming.LimitPoolSizeToVRAM:0]]
[2020.11.03-15.44.11:504][  0]LogConfig: Setting CVar [[r.Streaming.PoolSize:1000]]
[2020.11.03-15.44.11:504][  0]LogConfig: Setting CVar [[r.Streaming.MaxEffectiveScreenSize:0]]
[2020.11.03-15.44.11:504][  0]LogConfig: Applying CVar settings from Section [EffectsQuality@3] File [C:/Users/chloe/Documents/Year3/BSc3A_ExperimentalPractice/Project/Saved/Config/Windows/Scalability.ini]
[2020.11.03-15.44.11:504][  0]LogConfig: Setting CVar [[r.TranslucencyLightingVolumeDim:64]]
[2020.11.03-15.44.11:504][  0]LogConfig: Setting CVar [[r.RefractionQuality:2]]
[2020.11.03-15.44.11:504][  0]LogConfig: Setting CVar [[r.SSR.Quality:3]]
[2020.11.03-15.44.11:504][  0]LogConfig: Setting CVar [[r.SceneColorFormat:4]]
[2020.11.03-15.44.11:504][  0]LogConfig: Setting CVar [[r.DetailMode:2]]
[2020.11.03-15.44.11:504][  0]LogConfig: Setting CVar [[r.TranslucencyVolumeBlur:1]]
[2020.11.03-15.44.11:504][  0]LogConfig: Setting CVar [[r.MaterialQualityLevel:1 ; High quality]]
[2020.11.03-15.44.11:504][  0]LogConfig: Setting CVar [[r.SSS.Scale:1]]
[2020.11.03-15.44.11:504][  0]LogConfig: Setting CVar [[r.SSS.SampleSet:2]]
[2020.11.03-15.44.11:504][  0]LogConfig: Setting CVar [[r.SSS.Quality:1]]
[2020.11.03-15.44.11:504][  0]LogConfig: Setting CVar [[r.SSS.HalfRes:1]]
[2020.11.03-15.44.11:504][  0]LogConfig: Setting CVar [[r.EmitterSpawnRateScale:1.0]]
[2020.11.03-15.44.11:504][  0]LogConfig: Setting CVar [[r.ParticleLightQuality:2]]
[2020.11.03-15.44.11:504][  0]LogConfig: Applying CVar settings from Section [FoliageQuality@3] File [C:/Users/chloe/Documents/Year3/BSc3A_ExperimentalPractice/Project/Saved/Config/Windows/Scalability.ini]
[2020.11.03-15.44.11:504][  0]LogConfig: Setting CVar [[foliage.DensityScale:1.0]]
[2020.11.03-15.44.11:504][  0]LogConfig: Setting CVar [[grass.DensityScale:1.0]]
[2020.11.03-15.44.11:504][  0]LogInit: Selected Device Profile: [Windows]
[2020.11.03-15.44.11:504][  0]LogInit: Applying CVar settings loaded from the selected device profile: [Windows]
[2020.11.03-15.44.11:508][  0]LogHAL: Display: Platform has ~ 8 GB [8512045056 / 8589934592 / 8], which maps to Default [LargestMinGB=32, LargerMinGB=12, DefaultMinGB=8, SmallerMinGB=6, SmallestMinGB=0)
[2020.11.03-15.44.11:508][  0]LogInit: Going up to parent DeviceProfile []
[2020.11.03-15.44.11:508][  0]LogConfig: Applying CVar settings from Section [ViewDistanceQuality@3] File [C:/Users/chloe/Documents/Year3/BSc3A_ExperimentalPractice/Project/Saved/Config/Windows/Scalability.ini]
[2020.11.03-15.44.11:508][  0]LogConfig: Setting CVar [[r.SkeletalMeshLODBias:0]]
[2020.11.03-15.44.11:508][  0]LogConfig: Setting CVar [[r.ViewDistanceScale:1.0]]
[2020.11.03-15.44.11:508][  0]LogConfig: Applying CVar settings from Section [AntiAliasingQuality@3] File [C:/Users/chloe/Documents/Year3/BSc3A_ExperimentalPractice/Project/Saved/Config/Windows/Scalability.ini]
[2020.11.03-15.44.11:508][  0]LogConfig: Setting CVar [[r.PostProcessAAQuality:4]]
[2020.11.03-15.44.11:508][  0]LogConfig: Applying CVar settings from Section [ShadowQuality@3] File [C:/Users/chloe/Documents/Year3/BSc3A_ExperimentalPractice/Project/Saved/Config/Windows/Scalability.ini]
[2020.11.03-15.44.11:508][  0]LogConfig: Setting CVar [[r.LightFunctionQuality:1]]
[2020.11.03-15.44.11:508][  0]LogConfig: Setting CVar [[r.ShadowQuality:5]]
[2020.11.03-15.44.11:508][  0]LogConfig: Setting CVar [[r.Shadow.CSM.MaxCascades:10]]
[2020.11.03-15.44.11:509][  0]LogConfig: Setting CVar [[r.Shadow.MaxResolution:2048]]
[2020.11.03-15.44.11:509][  0]LogConfig: Setting CVar [[r.Shadow.MaxCSMResolution:2048]]
[2020.11.03-15.44.11:509][  0]LogConfig: Setting CVar [[r.Shadow.RadiusThreshold:0.01]]
[2020.11.03-15.44.11:509][  0]LogConfig: Setting CVar [[r.Shadow.DistanceScale:1.0]]
[2020.11.03-15.44.11:509][  0]LogConfig: Setting CVar [[r.Shadow.CSM.TransitionScale:1.0]]
[2020.11.03-15.44.11:509][  0]LogConfig: Setting CVar [[r.Shadow.PreShadowResolutionFactor:1.0]]
[2020.11.03-15.44.11:509][  0]LogConfig: Setting CVar [[r.DistanceFieldShadowing:1]]
[2020.11.03-15.44.11:509][  0]LogConfig: Setting CVar [[r.DistanceFieldAO:1]]
[2020.11.03-15.44.11:509][  0]LogConfig: Setting CVar [[r.AOQuality:2]]
[2020.11.03-15.44.11:509][  0]LogConfig: Setting CVar [[r.VolumetricFog:1]]
[2020.11.03-15.44.11:509][  0]LogConfig: Setting CVar [[r.VolumetricFog.GridPixelSize:8]]
[2020.11.03-15.44.11:509][  0]LogConfig: Setting CVar [[r.VolumetricFog.GridSizeZ:128]]
[2020.11.03-15.44.11:509][  0]LogConfig: Setting CVar [[r.VolumetricFog.HistoryMissSupersampleCount:4]]
[2020.11.03-15.44.11:509][  0]LogConfig: Setting CVar [[r.LightMaxDrawDistanceScale:1]]
[2020.11.03-15.44.11:509][  0]LogConfig: Setting CVar [[r.CapsuleShadows:1]]
[2020.11.03-15.44.11:509][  0]LogConfig: Applying CVar settings from Section [PostProcessQuality@3] File [C:/Users/chloe/Documents/Year3/BSc3A_ExperimentalPractice/Project/Saved/Config/Windows/Scalability.ini]
[2020.11.03-15.44.11:509][  0]LogConfig: Setting CVar [[r.MotionBlurQuality:4]]
[2020.11.03-15.44.11:509][  0]LogConfig: Setting CVar [[r.AmbientOcclusionMipLevelFactor:0.4]]
[2020.11.03-15.44.11:509][  0]LogConfig: Setting CVar [[r.AmbientOcclusionMaxQuality:100]]
[2020.11.03-15.44.11:509][  0]LogConfig: Setting CVar [[r.AmbientOcclusionLevels:-1]]
[2020.11.03-15.44.11:509][  0]LogConfig: Setting CVar [[r.AmbientOcclusionRadiusScale:1.0]]
[2020.11.03-15.44.11:509][  0]LogConfig: Setting CVar [[r.DepthOfFieldQuality:2]]
[2020.11.03-15.44.11:509][  0]LogConfig: Setting CVar [[r.RenderTargetPoolMin:400]]
[2020.11.03-15.44.11:509][  0]LogConfig: Setting CVar [[r.LensFlareQuality:2]]
[2020.11.03-15.44.11:509][  0]LogConfig: Setting CVar [[r.SceneColorFringeQuality:1]]
[2020.11.03-15.44.11:509][  0]LogConfig: Setting CVar [[r.EyeAdaptationQuality:2]]
[2020.11.03-15.44.11:509][  0]LogConfig: Setting CVar [[r.BloomQuality:5]]
[2020.11.03-15.44.11:509][  0]LogConfig: Setting CVar [[r.FastBlurThreshold:100]]
[2020.11.03-15.44.11:509][  0]LogConfig: Setting CVar [[r.Upscale.Quality:3]]
[2020.11.03-15.44.11:509][  0]LogConfig: Setting CVar [[r.Tonemapper.GrainQuantization:1]]
[2020.11.03-15.44.11:509][  0]LogConfig: Setting CVar [[r.LightShaftQuality:1]]
[2020.11.03-15.44.11:509][  0]LogConfig: Setting CVar [[r.Filter.SizeScale:1]]
[2020.11.03-15.44.11:509][  0]LogConfig: Setting CVar [[r.Tonemapper.Quality:5]]
[2020.11.03-15.44.11:509][  0]LogConfig: Setting CVar [[r.DOF.Gather.AccumulatorQuality:1        ; higher gathering accumulator quality]]
[2020.11.03-15.44.11:509][  0]LogConfig: Setting CVar [[r.DOF.Gather.PostfilterMethod:1          ; Median3x3 postfilering method]]
[2020.11.03-15.44.11:509][  0]LogConfig: Setting CVar [[r.DOF.Gather.EnableBokehSettings:0       ; no bokeh simulation when gathering]]
[2020.11.03-15.44.11:509][  0]LogConfig: Setting CVar [[r.DOF.Gather.RingCount:4                 ; medium number of samples when gathering]]
[2020.11.03-15.44.11:509][  0]LogConfig: Setting CVar [[r.DOF.Scatter.ForegroundCompositing:1    ; additive foreground scattering]]
[2020.11.03-15.44.11:509][  0]LogConfig: Setting CVar [[r.DOF.Scatter.BackgroundCompositing:2    ; additive background scattering]]
[2020.11.03-15.44.11:509][  0]LogConfig: Setting CVar [[r.DOF.Scatter.EnableBokehSettings:1      ; bokeh simulation when scattering]]
[2020.11.03-15.44.11:509][  0]LogConfig: Setting CVar [[r.DOF.Scatter.MaxSpriteRatio:0.1         ; only a maximum of 10% of scattered bokeh]]
[2020.11.03-15.44.11:509][  0]LogConfig: Setting CVar [[r.DOF.Recombine.Quality:1                ; cheap slight out of focus]]
[2020.11.03-15.44.11:509][  0]LogConfig: Setting CVar [[r.DOF.Recombine.EnableBokehSettings:0    ; no bokeh simulation on slight out of focus]]
[2020.11.03-15.44.11:509][  0]LogConfig: Setting CVar [[r.DOF.TemporalAAQuality:1                ; more stable temporal accumulation]]
[2020.11.03-15.44.11:509][  0]LogConfig: Setting CVar [[r.DOF.Kernel.MaxForegroundRadius:0.025]]
[2020.11.03-15.44.11:509][  0]LogConfig: Setting CVar [[r.DOF.Kernel.MaxBackgroundRadius:0.025]]
[2020.11.03-15.44.11:509][  0]LogConfig: Applying CVar settings from Section [TextureQuality@3] File [C:/Users/chloe/Documents/Year3/BSc3A_ExperimentalPractice/Project/Saved/Config/Windows/Scalability.ini]
[2020.11.03-15.44.11:509][  0]LogConfig: Setting CVar [[r.Streaming.MipBias:0]]
[2020.11.03-15.44.11:509][  0]LogConfig: Setting CVar [[r.Streaming.AmortizeCPUToGPUCopy:0]]
[2020.11.03-15.44.11:509][  0]LogConfig: Setting CVar [[r.Streaming.MaxNumTexturesToStreamPerFrame:0]]
[2020.11.03-15.44.11:509][  0]LogConfig: Setting CVar [[r.Streaming.Boost:1]]
[2020.11.03-15.44.11:509][  0]LogConfig: Setting CVar [[r.MaxAnisotropy:8]]
[2020.11.03-15.44.11:510][  0]LogConfig: Setting CVar [[r.Streaming.LimitPoolSizeToVRAM:0]]
[2020.11.03-15.44.11:510][  0]LogConfig: Setting CVar [[r.Streaming.PoolSize:1000]]
[2020.11.03-15.44.11:510][  0]LogConfig: Setting CVar [[r.Streaming.MaxEffectiveScreenSize:0]]
[2020.11.03-15.44.11:510][  0]LogConfig: Applying CVar settings from Section [EffectsQuality@3] File [C:/Users/chloe/Documents/Year3/BSc3A_ExperimentalPractice/Project/Saved/Config/Windows/Scalability.ini]
[2020.11.03-15.44.11:510][  0]LogConfig: Setting CVar [[r.TranslucencyLightingVolumeDim:64]]
[2020.11.03-15.44.11:510][  0]LogConfig: Setting CVar [[r.RefractionQuality:2]]
[2020.11.03-15.44.11:510][  0]LogConfig: Setting CVar [[r.SSR.Quality:3]]
[2020.11.03-15.44.11:510][  0]LogConfig: Setting CVar [[r.SceneColorFormat:4]]
[2020.11.03-15.44.11:510][  0]LogConfig: Setting CVar [[r.DetailMode:2]]
[2020.11.03-15.44.11:510][  0]LogConfig: Setting CVar [[r.TranslucencyVolumeBlur:1]]
[2020.11.03-15.44.11:510][  0]LogConfig: Setting CVar [[r.MaterialQualityLevel:1 ; High quality]]
[2020.11.03-15.44.11:510][  0]LogConfig: Setting CVar [[r.SSS.Scale:1]]
[2020.11.03-15.44.11:510][  0]LogConfig: Setting CVar [[r.SSS.SampleSet:2]]
[2020.11.03-15.44.11:510][  0]LogConfig: Setting CVar [[r.SSS.Quality:1]]
[2020.11.03-15.44.11:510][  0]LogConfig: Setting CVar [[r.SSS.HalfRes:1]]
[2020.11.03-15.44.11:510][  0]LogConfig: Setting CVar [[r.EmitterSpawnRateScale:1.0]]
[2020.11.03-15.44.11:510][  0]LogConfig: Setting CVar [[r.ParticleLightQuality:2]]
[2020.11.03-15.44.11:510][  0]LogConfig: Applying CVar settings from Section [FoliageQuality@3] File [C:/Users/chloe/Documents/Year3/BSc3A_ExperimentalPractice/Project/Saved/Config/Windows/Scalability.ini]
[2020.11.03-15.44.11:510][  0]LogConfig: Setting CVar [[foliage.DensityScale:1.0]]
[2020.11.03-15.44.11:510][  0]LogConfig: Setting CVar [[grass.DensityScale:1.0]]
[2020.11.03-15.44.11:510][  0]LogConfig: Applying CVar settings from Section [Startup] File [../../../Engine/Config/ConsoleVariables.ini]
[2020.11.03-15.44.11:510][  0]LogConfig: Setting CVar [[net.UseAdaptiveNetUpdateFrequency:0]]
[2020.11.03-15.44.11:510][  0]LogConfig: Setting CVar [[p.chaos.AllowCreatePhysxBodies:1]]
[2020.11.03-15.44.11:510][  0]LogConfig: Applying CVar settings from Section [ConsoleVariables] File [C:/Users/chloe/Documents/Year3/BSc3A_ExperimentalPractice/Project/Saved/Config/Windows/Engine.ini]
[2020.11.03-15.44.11:510][  0]LogInit: Computer: DESKTOP-IHKV43M
[2020.11.03-15.44.11:510][  0]LogInit: User: chloe
[2020.11.03-15.44.11:510][  0]LogInit: CPU Page size=4096, Cores=6
[2020.11.03-15.44.11:510][  0]LogInit: High frequency timer resolution =10.000000 MHz
[2020.11.03-15.44.11:510][  0]LogMemory: Memory total: Physical=7.9GB (8GB approx)
[2020.11.03-15.44.11:510][  0]LogMemory: Platform Memory Stats for Windows
[2020.11.03-15.44.11:510][  0]LogMemory: Process Physical Memory: 100.75 MB used, 100.75 MB peak
[2020.11.03-15.44.11:510][  0]LogMemory: Process Virtual Memory: 100.30 MB used, 100.30 MB peak
[2020.11.03-15.44.11:511][  0]LogMemory: Physical Memory: 6837.52 MB used,  1280.20 MB free, 8117.72 MB total
[2020.11.03-15.44.11:511][  0]LogMemory: Virtual Memory: 4649.96 MB used,  134213080.00 MB free, 134217728.00 MB total
[2020.11.03-15.44.11:513][  0]LogWindows: WindowsPlatformFeatures enabled
[2020.11.03-15.44.11:536][  0]LogInit: Using OS detected language (en-US).
[2020.11.03-15.44.11:536][  0]LogInit: Using OS detected locale (en-GB).
[2020.11.03-15.44.11:537][  0]LogTextLocalizationManager: No specific localization for 'en-US' exists, so the 'en' localization will be used.
[2020.11.03-15.44.11:695][  0]LogInit: Setting process to per monitor DPI aware
[2020.11.03-15.44.11:728][  0]LogSlate: New Slate User Created.  User Index 0, Is Virtual User: 0
[2020.11.03-15.44.11:728][  0]LogSlate: Slate User Registered.  User Index 0, Is Virtual User: 0
[2020.11.03-15.44.11:919][  0]LogHMD: Failed to initialize OpenVR with code 110
[2020.11.03-15.44.11:919][  0]LogD3D11RHI: D3D11 adapters:
[2020.11.03-15.44.11:984][  0]LogD3D11RHI:    0. 'NVIDIA GeForce GTX 1660 Ti' (Feature Level 11_0)
[2020.11.03-15.44.11:984][  0]LogD3D11RHI:       5991/0/4058 MB DedicatedVideo/DedicatedSystem/SharedSystem, Outputs:1, VendorId:0x10de
[2020.11.03-15.44.11:987][  0]LogD3D11RHI:    1. 'Microsoft Basic Render Driver' (Feature Level 11_0)
[2020.11.03-15.44.11:987][  0]LogD3D11RHI:       0/0/4058 MB DedicatedVideo/DedicatedSystem/SharedSystem, Outputs:0, VendorId:0x1414
[2020.11.03-15.44.11:987][  0]LogD3D11RHI: Chosen D3D11 Adapter: 0
[2020.11.03-15.44.11:994][  0]LogD3D11RHI: Creating new Direct3DDevice
[2020.11.03-15.44.11:994][  0]LogD3D11RHI:     GPU DeviceId: 0x2182 (for the marketing name, search the web for "GPU Device Id")
[2020.11.03-15.44.11:994][  0]LogWindows: EnumDisplayDevices:
[2020.11.03-15.44.11:994][  0]LogWindows:    0. 'NVIDIA GeForce GTX 1660 Ti' (P:1 D:1)
[2020.11.03-15.44.11:995][  0]LogWindows:    1. 'NVIDIA GeForce GTX 1660 Ti' (P:0 D:0)
[2020.11.03-15.44.11:995][  0]LogWindows:    2. 'NVIDIA GeForce GTX 1660 Ti' (P:0 D:0)
[2020.11.03-15.44.11:995][  0]LogWindows:    3. 'NVIDIA GeForce GTX 1660 Ti' (P:0 D:0)
[2020.11.03-15.44.11:995][  0]LogWindows: DebugString: FoundDriverCount:4 
[2020.11.03-15.44.11:995][  0]LogD3D11RHI:     Adapter Name: NVIDIA GeForce GTX 1660 Ti
[2020.11.03-15.44.11:995][  0]LogD3D11RHI:   Driver Version: 452.06 (internal:27.21.14.5206, unified:452.06)
[2020.11.03-15.44.11:995][  0]LogD3D11RHI:      Driver Date: 8-12-2020
[2020.11.03-15.44.11:995][  0]LogRHI: Texture pool is 4193 MB (70% of 5991 MB)
[2020.11.03-15.44.12:041][  0]LogD3D11RHI: Async texture creation enabled
[2020.11.03-15.44.12:051][  0]LogD3D11RHI: GPU Timing Frequency: 1000.000000 (Debug: 2 1)
[2020.11.03-15.44.12:354][  0]LogTemp: Display: Module 'AllDesktopTargetPlatform' loaded TargetPlatform 'AllDesktop'
[2020.11.03-15.44.12:362][  0]LogTemp: Display: Module 'MacClientTargetPlatform' loaded TargetPlatform 'MacClient'
[2020.11.03-15.44.12:371][  0]LogTemp: Display: Module 'MacNoEditorTargetPlatform' loaded TargetPlatform 'MacNoEditor'
[2020.11.03-15.44.12:379][  0]LogTemp: Display: Module 'MacServerTargetPlatform' loaded TargetPlatform 'MacServer'
[2020.11.03-15.44.12:388][  0]LogTemp: Display: Module 'MacTargetPlatform' loaded TargetPlatform 'Mac'
[2020.11.03-15.44.12:397][  0]LogTemp: Display: Module 'WindowsClientTargetPlatform' loaded TargetPlatform 'WindowsClient'
[2020.11.03-15.44.12:405][  0]LogTemp: Display: Module 'WindowsNoEditorTargetPlatform' loaded TargetPlatform 'WindowsNoEditor'
[2020.11.03-15.44.12:414][  0]LogTemp: Display: Module 'WindowsServerTargetPlatform' loaded TargetPlatform 'WindowsServer'
[2020.11.03-15.44.12:420][  0]LogTemp: Display: Module 'WindowsTargetPlatform' loaded TargetPlatform 'Windows'
[2020.11.03-15.44.12:451][  0]LogTemp: Display: Module 'AndroidTargetPlatform' loaded TargetPlatform 'Android'
[2020.11.03-15.44.12:451][  0]LogTemp: Display: Module 'AndroidTargetPlatform' loaded TargetPlatform 'Android_ASTC'
[2020.11.03-15.44.12:451][  0]LogTemp: Display: Module 'AndroidTargetPlatform' loaded TargetPlatform 'Android_ATC'
[2020.11.03-15.44.12:451][  0]LogTemp: Display: Module 'AndroidTargetPlatform' loaded TargetPlatform 'Android_DXT'
[2020.11.03-15.44.12:451][  0]LogTemp: Display: Module 'AndroidTargetPlatform' loaded TargetPlatform 'Android_ETC1'
[2020.11.03-15.44.12:451][  0]LogTemp: Display: Module 'AndroidTargetPlatform' loaded TargetPlatform 'Android_ETC1a'
[2020.11.03-15.44.12:451][  0]LogTemp: Display: Module 'AndroidTargetPlatform' loaded TargetPlatform 'Android_ETC2'
[2020.11.03-15.44.12:451][  0]LogTemp: Display: Module 'AndroidTargetPlatform' loaded TargetPlatform 'Android_PVRTC'
[2020.11.03-15.44.12:451][  0]LogTemp: Display: Module 'AndroidTargetPlatform' loaded TargetPlatform 'AndroidClient'
[2020.11.03-15.44.12:451][  0]LogTemp: Display: Module 'AndroidTargetPlatform' loaded TargetPlatform 'Android_ASTCClient'
[2020.11.03-15.44.12:451][  0]LogTemp: Display: Module 'AndroidTargetPlatform' loaded TargetPlatform 'Android_ATCClient'
[2020.11.03-15.44.12:451][  0]LogTemp: Display: Module 'AndroidTargetPlatform' loaded TargetPlatform 'Android_DXTClient'
[2020.11.03-15.44.12:451][  0]LogTemp: Display: Module 'AndroidTargetPlatform' loaded TargetPlatform 'Android_ETC1Client'
[2020.11.03-15.44.12:451][  0]LogTemp: Display: Module 'AndroidTargetPlatform' loaded TargetPlatform 'Android_ETC1aClient'
[2020.11.03-15.44.12:451][  0]LogTemp: Display: Module 'AndroidTargetPlatform' loaded TargetPlatform 'Android_ETC2Client'
[2020.11.03-15.44.12:451][  0]LogTemp: Display: Module 'AndroidTargetPlatform' loaded TargetPlatform 'Android_PVRTCClient'
[2020.11.03-15.44.12:451][  0]LogTemp: Display: Module 'AndroidTargetPlatform' loaded TargetPlatform 'Android_Multi'
[2020.11.03-15.44.12:451][  0]LogTemp: Display: Module 'AndroidTargetPlatform' loaded TargetPlatform 'Android_MultiClient'
[2020.11.03-15.44.12:453][  0]LogTemp: Display: Module 'HTML5TargetPlatform' loaded TargetPlatform 'HTML5'
[2020.11.03-15.44.12:470][  0]LogTemp: Display: Module 'IOSTargetPlatform' loaded TargetPlatform 'IOSClient'
[2020.11.03-15.44.12:470][  0]LogTemp: Display: Module 'IOSTargetPlatform' loaded TargetPlatform 'IOS'
[2020.11.03-15.44.12:483][  0]LogTemp: Display: Module 'TVOSTargetPlatform' loaded TargetPlatform 'TVOSClient'
[2020.11.03-15.44.12:483][  0]LogTemp: Display: Module 'TVOSTargetPlatform' loaded TargetPlatform 'TVOS'
[2020.11.03-15.44.12:490][  0]LogTemp: Display: Module 'LinuxClientTargetPlatform' loaded TargetPlatform 'LinuxClient'
[2020.11.03-15.44.12:496][  0]LogTemp: Display: Module 'LinuxNoEditorTargetPlatform' loaded TargetPlatform 'LinuxNoEditor'
[2020.11.03-15.44.12:503][  0]LogTemp: Display: Module 'LinuxServerTargetPlatform' loaded TargetPlatform 'LinuxServer'
[2020.11.03-15.44.12:511][  0]LogTemp: Display: Module 'LinuxTargetPlatform' loaded TargetPlatform 'Linux'
[2020.11.03-15.44.12:534][  0]LogTemp: Display: Module 'LuminTargetPlatform' loaded TargetPlatform 'Lumin'
[2020.11.03-15.44.12:534][  0]LogTemp: Display: Module 'LuminTargetPlatform' loaded TargetPlatform 'LuminClient'
[2020.11.03-15.44.12:534][  0]LogTargetPlatformManager: Display: Building Assets For Windows
[2020.11.03-15.44.12:542][  0]LogAudioDebug: Display: Lib vorbis DLL was dynamically loaded.
[2020.11.03-15.44.12:597][  0]LogShaderCompilers: Guid format shader working directory is -34 characters bigger than the processId version (../../../../../../Users/chloe/Documents/Year3/BSc3A_ExperimentalPractice/Project/Intermediate/Shaders/WorkingDirectory/4804/).
[2020.11.03-15.44.12:597][  0]LogShaderCompilers: Cleaned the shader compiler working directory 'C:/Users/chloe/AppData/Local/Temp/UnrealShaderWorkingDir/4B03A6084AC7C5AD1BA087BC2E666239/'.
[2020.11.03-15.44.12:600][  0]LogXGEController: Cannot use XGE Controller as Incredibuild is not installed on this machine.
[2020.11.03-15.44.12:600][  0]LogShaderCompilers: Cannot use XGE Shader Compiler as Incredibuild is not installed on this machine.
[2020.11.03-15.44.12:600][  0]LogShaderCompilers: Display: Using Local Shader Compiler.
[2020.11.03-15.44.13:161][  0]LogDerivedDataCache: Display: Max Cache Size: 512 MB
[2020.11.03-15.44.13:216][  0]LogDerivedDataCache: Loaded boot cache 0.05s 73MB C:/Users/chloe/AppData/Local/UnrealEngine/4.23/DerivedDataCache/Boot.ddc.
[2020.11.03-15.44.13:216][  0]LogDerivedDataCache: Display: Loaded Boot cache: C:/Users/chloe/AppData/Local/UnrealEngine/4.23/DerivedDataCache/Boot.ddc
[2020.11.03-15.44.13:216][  0]LogDerivedDataCache: FDerivedDataBackendGraph:  Pak pak cache file ../../../../../../Users/chloe/Documents/Year3/BSc3A_ExperimentalPractice/Project/DerivedDataCache/DDC.ddp not found, will not use a pak cache.
[2020.11.03-15.44.13:216][  0]LogDerivedDataCache: Unable to find inner node Pak for hierarchical cache Hierarchy.
[2020.11.03-15.44.13:216][  0]LogDerivedDataCache: FDerivedDataBackendGraph:  CompressedPak pak cache file ../../../../../../Users/chloe/Documents/Year3/BSc3A_ExperimentalPractice/Project/DerivedDataCache/Compressed.ddp not found, will not use a pak cache.
[2020.11.03-15.44.13:216][  0]LogDerivedDataCache: Unable to find inner node CompressedPak for hierarchical cache Hierarchy.
[2020.11.03-15.44.13:226][  0]LogDerivedDataCache: Display: Pak cache opened for reading ../../../Engine/DerivedDataCache/Compressed.ddp.
[2020.11.03-15.44.13:226][  0]LogDerivedDataCache: FDerivedDataBackendGraph:  EnterprisePak pak cache file ../../../Enterprise/DerivedDataCache/Compressed.ddp not found, will not use a pak cache.
[2020.11.03-15.44.13:226][  0]LogDerivedDataCache: Unable to find inner node EnterprisePak for hierarchical cache Hierarchy.
[2020.11.03-15.44.13:228][  0]LogDerivedDataCache: Using Local data cache path C:/Users/chloe/AppData/Local/UnrealEngine/Common/DerivedDataCache: Writable
[2020.11.03-15.44.13:228][  0]LogDerivedDataCache: Shared data cache path not found in *engine.ini, will not use an Shared cache.
[2020.11.03-15.44.13:228][  0]LogDerivedDataCache: Unable to find inner node Shared for hierarchical cache Hierarchy.
[2020.11.03-15.44.13:246][  0]LogMaterial: Verifying Global Shaders for PCD3D_SM5
[2020.11.03-15.44.13:248][  0]LogSlate: Using FreeType 2.6.0
[2020.11.03-15.44.13:249][  0]LogSlate: SlateFontServices - WITH_FREETYPE: 1, WITH_HARFBUZZ: 1
[2020.11.03-15.44.13:309][  0]LogAssetRegistry: FAssetRegistry took 0.0022 seconds to start up
[2020.11.03-15.44.13:537][  0]LogInit: Selected Device Profile: [Windows]
[2020.11.03-15.44.13:669][  0]LogMeshReduction: Using QuadricMeshReduction for automatic static mesh reduction
[2020.11.03-15.44.13:669][  0]LogMeshReduction: Using SimplygonMeshReduction for automatic skeletal mesh reduction
[2020.11.03-15.44.13:669][  0]LogMeshReduction: Using ProxyLODMeshReduction for automatic mesh merging
[2020.11.03-15.44.13:669][  0]LogMeshReduction: No distributed automatic mesh merging module available
[2020.11.03-15.44.13:669][  0]LogMeshMerging: No distributed automatic mesh merging module available
[2020.11.03-15.44.13:678][  0]LogNetVersion: ShaderDemo 1.0.0, NetCL: 8386587, EngineNetVer: 11, GameNetVer: 0 (Checksum: 1938301538)
[2020.11.03-15.44.14:050][  0]LogPackageLocalizationCache: Processed 12 localized package path(s) for 1 prioritized culture(s) in 0.035637 seconds
[2020.11.03-15.44.14:056][  0]LogUObjectArray: 43444 objects as part of root set at end of initial load.
[2020.11.03-15.44.14:056][  0]LogUObjectAllocator: 7548648 out of 0 bytes used by permanent object pool.
[2020.11.03-15.44.14:056][  0]LogUObjectArray: CloseDisregardForGC: 0/0 objects in disregard for GC pool
[2020.11.03-15.44.14:942][  0]LogTcpMessaging: Initializing TcpMessaging bridge
[2020.11.03-15.44.14:944][  0]LogUdpMessaging: Initializing bridge on interface 0.0.0.0:0 to multicast group 230.0.0.1:6666.
[2020.11.03-15.44.14:995][  0]SourceControl: Source control is disabled
[2020.11.03-15.44.16:223][  0]LogVSAccessor: Display: Unable to create Visual Studio setup instance: 80040154
[2020.11.03-15.44.16:223][  0]LogVSAccessor: Display: Unable to create Visual Studio setup instance: 80040154
[2020.11.03-15.44.16:304][  0]LogAndroidPermission: UAndroidPermissionCallbackProxy::GetInstance
[2020.11.03-15.44.16:478][  0]LogOcInput: OculusInput pre-init called
[2020.11.03-15.44.16:486][  0]LogWindows: Failed to load 'OVRPlugin.dll' (GetLastError=126)
[2020.11.03-15.44.16:486][  0]LogWindows: File 'OVRPlugin.dll' does not exist
[2020.11.03-15.44.16:547][  0]LogEngine: Initializing Engine...
[2020.11.03-15.44.16:548][  0]LogHMD: Failed to initialize OpenVR with code 110
[2020.11.03-15.44.16:549][  0]LogStats: UGameplayTagsManager::InitializeManager -  0.000 s
[2020.11.03-15.44.16:752][  0]LogInit: Initializing FReadOnlyCVARCache
[2020.11.03-15.44.16:766][  0]LogAIModule: Creating AISystem for world Untitled
[2020.11.03-15.44.16:827][  0]LogInit: XAudio2 using 'Headphones (Bluedio Stereo)' : 2 channels at 44.1 kHz using 16 bits per sample (channel mask 0x3)
[2020.11.03-15.44.16:847][  0]LogInit: FAudioDevice initialized.
[2020.11.03-15.44.16:847][  0]LogNetVersion: Set ProjectVersion to 1.0.0.0. Version Checksum will be recalculated on next use.
[2020.11.03-15.44.16:906][  0]LogDerivedDataCache: Saved boot cache 0.06s 73MB C:/Users/chloe/AppData/Local/UnrealEngine/4.23/DerivedDataCache/Boot.ddc.
[2020.11.03-15.44.16:913][  0]LogInit: Texture streaming: Enabled
[2020.11.03-15.44.16:935][  0]LogEngineSessionManager: EngineSessionManager initialized
[2020.11.03-15.44.16:935][  0]LogEditorSessionSummary: Verbose: Initializing EditorSessionSummaryWriter for editor session tracking
[2020.11.03-15.44.16:939][  0]LogEditorSessionSummary: EditorSessionSummaryWriter initialized
[2020.11.03-15.44.16:977][  0]LogInit: Transaction tracking system initialized
[2020.11.03-15.44.17:007][  0]BlueprintLog: New page: Editor Load
[2020.11.03-15.44.17:084][  0]LocalizationService: Localization service is disabled
[2020.11.03-15.44.17:124][  0]LogLinker: Warning: Failed to load '/Game/ThirdPersonBP/ThirdPersonOverview': Can't find file.
[2020.11.03-15.44.17:124][  0]LogLinker: Warning: Failed to load '/Game/ThirdPersonBP/ThirdPersonOverview': Can't find file.
[2020.11.03-15.44.17:124][  0]LogUObjectGlobals: Warning: Failed to find object 'Class /Game/ThirdPersonBP/ThirdPersonOverview.ThirdPersonOverview_C'
[2020.11.03-15.44.17:145][  0]LogVSAccessor: Display: Unable to create Visual Studio setup instance: 80040154
[2020.11.03-15.44.17:146][  0]LogVSAccessor: Display: Unable to create Visual Studio setup instance: 80040154
[2020.11.03-15.44.17:296][  0]LogFileCache: Scanning file cache for directory 'C:/Users/chloe/Documents/Year3/BSc3A_ExperimentalPractice/Project/Content/' took 0.00s
[2020.11.03-15.44.17:296][  0]LogCook: Display: Max memory allowance for cook 16384mb min free memory 0mb
[2020.11.03-15.44.17:296][  0]LogCook: Display: Mobile HDR setting 1
[2020.11.03-15.44.17:472][  0]Cmd: MAP LOAD FILE="../../../../../../Users/chloe/Documents/Year3/BSc3A_ExperimentalPractice/Project/Content/ThirdPersonBP/Maps/ThirdPersonExampleMap.umap" TEMPLATE=0 SHOWPROGRESS=1 FEATURELEVEL=3
[2020.11.03-15.44.17:472][  0]LogEditorServer: Warning: Can't find file '../../../../../../Users/chloe/Documents/Year3/BSc3A_ExperimentalPractice/Project/Content/ThirdPersonBP/Maps/ThirdPersonExampleMap.umap'
[2020.11.03-15.44.17:472][  0]Cmd: MAP CHECKDEP NOCLEARLOG
[2020.11.03-15.44.17:473][  0]MapCheck: Map check complete: 0 Error(s), 0 Warning(s), took 0.161ms to complete.
[2020.11.03-15.44.17:473][  0]LogFileHelpers: Loading map 'ThirdPersonExampleMap' took 0.001
[2020.11.03-15.44.17:611][  0]LogSlate: Updating window title bar state: overlay mode, drag disabled, window buttons hidden, title bar hidden
[2020.11.03-15.44.17:619][  0]LogSlate: Updating window title bar state: overlay mode, drag disabled, window buttons hidden, title bar hidden
[2020.11.03-15.44.17:625][  0]LogSlate: Updating window title bar state: overlay mode, drag disabled, window buttons hidden, title bar hidden
[2020.11.03-15.44.17:631][  0]LogSlate: Updating window title bar state: overlay mode, drag disabled, window buttons hidden, title bar hidden
[2020.11.03-15.44.17:643][  0]LogCollectionManager: Loaded 0 collections in 0.002025 seconds
[2020.11.03-15.44.17:661][  0]LogFileCache: Scanning file cache for directory 'C:/Users/chloe/Documents/Year3/BSc3A_ExperimentalPractice/Project/Saved/Collections/' took 0.00s
[2020.11.03-15.44.17:661][  0]LogFileCache: Scanning file cache for directory 'C:/Users/chloe/Documents/Year3/BSc3A_ExperimentalPractice/Project/Content/Developers/chloe/Collections/' took 0.00s
[2020.11.03-15.44.17:661][  0]LogFileCache: Scanning file cache for directory 'C:/Users/chloe/Documents/Year3/BSc3A_ExperimentalPractice/Project/Content/Collections/' took 0.00s
[2020.11.03-15.44.17:661][  0]LogCollectionManager: Rebuilt the GUID cache for 0 collections in 0.000002 seconds
[2020.11.03-15.44.17:670][  0]LogContentBrowser: Native class hierarchy populated in 0.0072 seconds. Added 2863 classes and 680 folders.
[2020.11.03-15.44.17:681][  0]LogContentBrowser: Native class hierarchy updated for 'WidgetCarousel' in 0.0002 seconds. Added 0 classes and 0 folders.
[2020.11.03-15.44.17:805][  0]LogContentBrowser: Native class hierarchy updated for 'AddContentDialog' in 0.0002 seconds. Added 0 classes and 0 folders.
[2020.11.03-15.44.17:825][  0]LogContentBrowser: Native class hierarchy updated for 'SceneOutliner' in 0.0003 seconds. Added 1 classes and 2 folders.
[2020.11.03-15.44.17:886][  0]LogSlate: Took 0.000299 seconds to synchronously load lazily loaded font '../../../Engine/Content/Slate/Fonts/Roboto-Regular.ttf' (155K)
[2020.11.03-15.44.17:889][  0]LogSlate: Took 0.000283 seconds to synchronously load lazily loaded font '../../../Engine/Content/Slate/Fonts/Roboto-Bold.ttf' (160K)
[2020.11.03-15.44.17:896][  0]LogSlate: Took 0.000828 seconds to synchronously load lazily loaded font '../../../Engine/Content/Editor/Slate/Fonts/FontAwesome.ttf' (139K)
[2020.11.03-15.44.17:978][  0]LogRenderer: Reallocating scene render targets to support 1076x692 Format 10 NumSamples 1 (Frame:1).
[2020.11.03-15.44.18:094][  0]LogContentBrowser: Native class hierarchy updated for 'HierarchicalLODOutliner' in 0.0002 seconds. Added 0 classes and 0 folders.
[2020.11.03-15.44.18:094][  0]LogLoad: (Engine Initialization) Total time: 7.93 seconds
[2020.11.03-15.44.18:094][  0]LogLoad: (Engine Initialization) Total Blueprint compile time: 0.00 seconds
[2020.11.03-15.44.18:144][  0]LogAssetRegistry: Asset discovery search completed in 4.8352 seconds
[2020.11.03-15.44.18:147][  0]LogCollectionManager: Rebuilt the object cache for 0 collections in 0.000004 seconds (found 0 objects)
[2020.11.03-15.44.18:147][  0]LogCollectionManager: Fixed up redirectors for 0 collections in 0.000057 seconds (updated 0 objects)
[2020.11.03-15.44.18:211][  0]LogContentStreaming: Texture pool size now 1000 MB
[2020.11.03-15.44.18:241][  0]LogSlate: Took 0.000727 seconds to synchronously load lazily loaded font '../../../Engine/Content/Slate/Fonts/Roboto-Light.ttf' (167K)
[2020.11.03-15.44.19:115][101]LogSlate: Took 0.000161 seconds to synchronously load lazily loaded font '../../../Engine/Content/Slate/Fonts/Roboto-Light.ttf' (167K)
[2020.11.03-15.44.30:630][481]LogSlate: FSceneViewport::OnFocusLost() reason 0
[2020.11.03-15.44.36:933][223]LogMaterial: Display: Missing cached shader map for material M_NiNoKuni_2, compiling. 
[2020.11.03-15.44.36:963][223]LogShaderCompilers: Display: Worker (1/3): shaders left to compile 8
[2020.11.03-15.44.36:963][223]LogShaderCompilers: Display: Worker (2/3): shaders left to compile 3
[2020.11.03-15.44.38:351][223]Cmd: OBJ SAVEPACKAGE PACKAGE="/Game/Shaders/M_NiNoKuni_2" FILE="../../../../../../Users/chloe/Documents/Year3/BSc3A_ExperimentalPractice/Project/Content/Shaders/M_NiNoKuni_2.uasset" SILENT=true
[2020.11.03-15.44.38:377][223]LogSavePackage: Moving '../../../../../../Users/chloe/Documents/Year3/BSc3A_ExperimentalPractice/Project/Saved/M_NiNoKuni_2AE09559141BD065811A632988FA9C7A1.tmp' to '../../../../../../Users/chloe/Documents/Year3/BSc3A_ExperimentalPractice/Project/Content/Shaders/M_NiNoKuni_2.uasset'
[2020.11.03-15.44.38:566][223]Cmd: OBJ SAVEPACKAGE PACKAGE="/Game/Shaders/M_NiNoKuni_Inst_2" FILE="../../../../../../Users/chloe/Documents/Year3/BSc3A_ExperimentalPractice/Project/Content/Shaders/M_NiNoKuni_Inst_2.uasset" SILENT=true
[2020.11.03-15.44.38:574][223]LogSavePackage: Moving '../../../../../../Users/chloe/Documents/Year3/BSc3A_ExperimentalPractice/Project/Saved/M_NiNoKuni_Inst_242F07E3B45EE36D02FE912BD5E3C23B8.tmp' to '../../../../../../Users/chloe/Documents/Year3/BSc3A_ExperimentalPractice/Project/Content/Shaders/M_NiNoKuni_Inst_2.uasset'
[2020.11.03-15.44.39:227][223]LogMaterial: Display: Missing cached shader map for material Material_0, compiling. 
[2020.11.03-15.44.39:228][223]LogMaterial: Warning: /Engine/Transient.Material_0 (no disk path found): Failed to compile Material for platform PCD3D_SM5, Default Material will be used in game.
[2020.11.03-15.44.39:228][223]LogMaterial: Display: 	Only transparent or postprocess materials can read from scene depth.
[2020.11.03-15.44.39:228][223]LogMaterial: Display: 	SceneTexture expressions cannot be used in opaque materials
[2020.11.03-15.44.50:528][473]Cmd: OBJ SAVEPACKAGE PACKAGE="/Game/Shaders/M_ShaderX" FILE="../../../../../../Users/chloe/Documents/Year3/BSc3A_ExperimentalPractice/Project/Content/Shaders/M_ShaderX.uasset" SILENT=true
[2020.11.03-15.44.50:547][473]LogSavePackage: Moving '../../../../../../Users/chloe/Documents/Year3/BSc3A_ExperimentalPractice/Project/Saved/M_ShaderXBAEC518D46456BAD2455BDBA98329305.tmp' to '../../../../../../Users/chloe/Documents/Year3/BSc3A_ExperimentalPractice/Project/Content/Shaders/M_ShaderX.uasset'
[2020.11.03-15.44.51:043][473]LogUObjectHash: Compacting FUObjectHashTables data took   1.33ms
[2020.11.03-15.44.51:069][473]LogUObjectHash: Compacting FUObjectHashTables data took   1.32ms
[2020.11.03-15.44.51:091][473]LogUObjectHash: Compacting FUObjectHashTables data took   0.55ms
[2020.11.03-15.44.51:226][473]SourceControl: rm 'Project/Content/Shaders/M_NiNoKuni_2.uasset'
[2020.11.03-15.44.57:490][136]Cmd: OBJ SAVEPACKAGE PACKAGE="/Game/Shaders/M_ShaderX_Inst" FILE="../../../../../../Users/chloe/Documents/Year3/BSc3A_ExperimentalPractice/Project/Content/Shaders/M_ShaderX_Inst.uasset" SILENT=true
[2020.11.03-15.44.57:499][136]LogSavePackage: Moving '../../../../../../Users/chloe/Documents/Year3/BSc3A_ExperimentalPractice/Project/Saved/M_ShaderX_Inst283ADB484EEEDBA2D553C5A5F9E7E3D4.tmp' to '../../../../../../Users/chloe/Documents/Year3/BSc3A_ExperimentalPractice/Project/Content/Shaders/M_ShaderX_Inst.uasset'
[2020.11.03-15.44.57:987][136]LogUObjectHash: Compacting FUObjectHashTables data took   0.64ms
[2020.11.03-15.44.58:014][136]LogUObjectHash: Compacting FUObjectHashTables data took   1.69ms
[2020.11.03-15.44.58:036][136]LogUObjectHash: Compacting FUObjectHashTables data took   0.83ms
[2020.11.03-15.44.58:177][136]SourceControl: rm 'Project/Content/Shaders/M_NiNoKuni_Inst_2.uasset'
[2020.11.03-15.45.05:838][967]Cmd: OBJ SAVEPACKAGE PACKAGE="/Game/Shaders/M_ShaderB" FILE="../../../../../../Users/chloe/Documents/Year3/BSc3A_ExperimentalPractice/Project/Content/Shaders/M_ShaderB.uasset" SILENT=true
[2020.11.03-15.45.05:857][967]LogSavePackage: Moving '../../../../../../Users/chloe/Documents/Year3/BSc3A_ExperimentalPractice/Project/Saved/M_ShaderBEAEF12CF41EA16435EBD0AB77703046E.tmp' to '../../../../../../Users/chloe/Documents/Year3/BSc3A_ExperimentalPractice/Project/Content/Shaders/M_ShaderB.uasset'
[2020.11.03-15.45.06:016][967]Cmd: OBJ SAVEPACKAGE PACKAGE="/Game/Shaders/M_NiNoKuni" FILE="../../../../../../Users/chloe/Documents/Year3/BSc3A_ExperimentalPractice/Project/Content/Shaders/M_NiNoKuni.uasset" SILENT=true
[2020.11.03-15.45.06:053][967]LogSavePackage: Moving '../../../../../../Users/chloe/Documents/Year3/BSc3A_ExperimentalPractice/Project/Saved/M_NiNoKuni994F279D44CDF5F6DFB388A0937209A3.tmp' to '../../../../../../Users/chloe/Documents/Year3/BSc3A_ExperimentalPractice/Project/Content/Shaders/M_NiNoKuni.uasset'
[2020.11.03-15.45.12:923][688]Cmd: OBJ SAVEPACKAGE PACKAGE="/Game/Shaders/M_ShaderB_Inst" FILE="../../../../../../Users/chloe/Documents/Year3/BSc3A_ExperimentalPractice/Project/Content/Shaders/M_ShaderB_Inst.uasset" SILENT=true
[2020.11.03-15.45.12:932][688]LogSavePackage: Moving '../../../../../../Users/chloe/Documents/Year3/BSc3A_ExperimentalPractice/Project/Saved/M_ShaderB_InstE81BEB8246789D92A821FC908E2D1916.tmp' to '../../../../../../Users/chloe/Documents/Year3/BSc3A_ExperimentalPractice/Project/Content/Shaders/M_ShaderB_Inst.uasset'
[2020.11.03-15.45.13:082][688]Cmd: OBJ SAVEPACKAGE PACKAGE="/Game/Shaders/M_NiNoKuni_Inst" FILE="../../../../../../Users/chloe/Documents/Year3/BSc3A_ExperimentalPractice/Project/Content/Shaders/M_NiNoKuni_Inst.uasset" SILENT=true
[2020.11.03-15.45.13:095][688]LogSavePackage: Moving '../../../../../../Users/chloe/Documents/Year3/BSc3A_ExperimentalPractice/Project/Saved/M_NiNoKuni_Inst3D94D8724ED80B555D1CB080A1139B57.tmp' to '../../../../../../Users/chloe/Documents/Year3/BSc3A_ExperimentalPractice/Project/Content/Shaders/M_NiNoKuni_Inst.uasset'
[2020.11.03-15.45.18:109][266]LogEditorSessionSummary: EditorSessionSummary sent report. Type=Shutdown, SessionId={85ACE3A6-4732-CB85-1562-06BFB7037128}
[2020.11.03-15.45.19:114][312]Cmd: OBJ SAVEPACKAGE PACKAGE="/Game/Shaders/M_ShaderC" FILE="../../../../../../Users/chloe/Documents/Year3/BSc3A_ExperimentalPractice/Project/Content/Shaders/M_ShaderC.uasset" SILENT=true
[2020.11.03-15.45.19:157][312]LogSavePackage: Moving '../../../../../../Users/chloe/Documents/Year3/BSc3A_ExperimentalPractice/Project/Saved/M_ShaderC722D743E4C27EC90D2601D8DE7C2916F.tmp' to '../../../../../../Users/chloe/Documents/Year3/BSc3A_ExperimentalPractice/Project/Content/Shaders/M_ShaderC.uasset'
[2020.11.03-15.45.19:325][312]Cmd: OBJ SAVEPACKAGE PACKAGE="/Game/Shaders/M_Spider-Man" FILE="../../../../../../Users/chloe/Documents/Year3/BSc3A_ExperimentalPractice/Project/Content/Shaders/M_Spider-Man.uasset" SILENT=true
[2020.11.03-15.45.19:339][312]LogSavePackage: Moving '../../../../../../Users/chloe/Documents/Year3/BSc3A_ExperimentalPractice/Project/Saved/M_Spider-ManB2976B3149A7D3082ABF2E9090AB7F4C.tmp' to '../../../../../../Users/chloe/Documents/Year3/BSc3A_ExperimentalPractice/Project/Content/Shaders/M_Spider-Man.uasset'
[2020.11.03-15.45.24:481][832]Cmd: OBJ SAVEPACKAGE PACKAGE="/Game/Shaders/M_ShaderC_Inst" FILE="../../../../../../Users/chloe/Documents/Year3/BSc3A_ExperimentalPractice/Project/Content/Shaders/M_ShaderC_Inst.uasset" SILENT=true
[2020.11.03-15.45.24:490][832]LogSavePackage: Moving '../../../../../../Users/chloe/Documents/Year3/BSc3A_ExperimentalPractice/Project/Saved/M_ShaderC_Inst4432E7644C521E7BD75E31B7CB0A1EAF.tmp' to '../../../../../../Users/chloe/Documents/Year3/BSc3A_ExperimentalPractice/Project/Content/Shaders/M_ShaderC_Inst.uasset'
[2020.11.03-15.45.24:650][832]Cmd: OBJ SAVEPACKAGE PACKAGE="/Game/Shaders/M_Spider-Man_Inst" FILE="../../../../../../Users/chloe/Documents/Year3/BSc3A_ExperimentalPractice/Project/Content/Shaders/M_Spider-Man_Inst.uasset" SILENT=true
[2020.11.03-15.45.24:663][832]LogSavePackage: Moving '../../../../../../Users/chloe/Documents/Year3/BSc3A_ExperimentalPractice/Project/Saved/M_Spider-Man_InstC91572AE4D5BDF2EC4AC4F88B390FBF5.tmp' to '../../../../../../Users/chloe/Documents/Year3/BSc3A_ExperimentalPractice/Project/Content/Shaders/M_Spider-Man_Inst.uasset'
[2020.11.03-15.45.29:356][280]Cmd: OBJ SAVEPACKAGE PACKAGE="/Game/Shaders/M_ShaderA" FILE="../../../../../../Users/chloe/Documents/Year3/BSc3A_ExperimentalPractice/Project/Content/Shaders/M_ShaderA.uasset" SILENT=true
[2020.11.03-15.45.29:379][280]LogSavePackage: Moving '../../../../../../Users/chloe/Documents/Year3/BSc3A_ExperimentalPractice/Project/Saved/M_ShaderA34A0F398491DE94B2F6BB08816F1E551.tmp' to '../../../../../../Users/chloe/Documents/Year3/BSc3A_ExperimentalPractice/Project/Content/Shaders/M_ShaderA.uasset'
[2020.11.03-15.45.29:551][280]Cmd: OBJ SAVEPACKAGE PACKAGE="/Game/Shaders/M_WindWaker" FILE="../../../../../../Users/chloe/Documents/Year3/BSc3A_ExperimentalPractice/Project/Content/Shaders/M_WindWaker.uasset" SILENT=true
[2020.11.03-15.45.29:566][280]LogSavePackage: Moving '../../../../../../Users/chloe/Documents/Year3/BSc3A_ExperimentalPractice/Project/Saved/M_WindWakerEA309F094C13B5FD52F36E966EB9F8D3.tmp' to '../../../../../../Users/chloe/Documents/Year3/BSc3A_ExperimentalPractice/Project/Content/Shaders/M_WindWaker.uasset'
[2020.11.03-15.45.34:527][781]Cmd: OBJ SAVEPACKAGE PACKAGE="/Game/Shaders/M_ShaderA_Inst" FILE="../../../../../../Users/chloe/Documents/Year3/BSc3A_ExperimentalPractice/Project/Content/Shaders/M_ShaderA_Inst.uasset" SILENT=true
[2020.11.03-15.45.34:536][781]LogSavePackage: Moving '../../../../../../Users/chloe/Documents/Year3/BSc3A_ExperimentalPractice/Project/Saved/M_ShaderA_InstFE54E590418FA6C06265BAB14C63C634.tmp' to '../../../../../../Users/chloe/Documents/Year3/BSc3A_ExperimentalPractice/Project/Content/Shaders/M_ShaderA_Inst.uasset'
[2020.11.03-15.45.34:695][781]Cmd: OBJ SAVEPACKAGE PACKAGE="/Game/Shaders/M_WindWaker_Inst" FILE="../../../../../../Users/chloe/Documents/Year3/BSc3A_ExperimentalPractice/Project/Content/Shaders/M_WindWaker_Inst.uasset" SILENT=true
[2020.11.03-15.45.34:709][781]LogSavePackage: Moving '../../../../../../Users/chloe/Documents/Year3/BSc3A_ExperimentalPractice/Project/Saved/M_WindWaker_Inst2538AAB04BC30BE7432F00A79EF78D41.tmp' to '../../../../../../Users/chloe/Documents/Year3/BSc3A_ExperimentalPractice/Project/Content/Shaders/M_WindWaker_Inst.uasset'
[2020.11.03-15.45.38:104][150]LogAssetEditorManager: Opening Asset editor for Material /Game/Shaders/M_Test.M_Test
[2020.11.03-15.45.38:110][150]LogMaterial: Display: Missing cached shader map for material M_Test, compiling. 
[2020.11.03-15.45.38:448][150]LogMaterial: Display: Missing cached shader map for material M_Test, compiling. 
[2020.11.03-15.45.38:457][150]LogShaderCompilers: Display: Worker (1/3): shaders left to compile 7
[2020.11.03-15.45.38:457][150]LogShaderCompilers: Display: Worker (2/3): shaders left to compile 6
[2020.11.03-15.45.38:461][150]LogMaterial: Display: Missing cached shader map for material M_Test, compiling. 
[2020.11.03-15.45.38:475][150]LogMaterial: Display: Missing cached shader map for material FMatExpressionPreview MaterialExpressionCustom_0, compiling. 
[2020.11.03-15.45.38:478][150]LogMaterial: Display: Missing cached shader map for material FMatExpressionPreview MaterialExpressionVectorParameter_0, compiling. 
[2020.11.03-15.45.38:513][150]LogSlate: Took 0.000714 seconds to synchronously load lazily loaded font '../../../Engine/Content/Slate/Fonts/Roboto-BoldCondensed.ttf' (158K)
[2020.11.03-15.45.38:617][151]LogSlate: Took 0.000776 seconds to synchronously load lazily loaded font '../../../Engine/Content/Slate/Fonts/Roboto-Italic.ttf' (157K)
[2020.11.03-15.45.38:692][158]LogShaderCompilers: Display: Worker (1/3): shaders left to compile 11
[2020.11.03-15.45.38:767][167]LogShaderCompilers: Display: Worker (2/3): shaders left to compile 10
[2020.11.03-15.45.38:799][171]LogShaderCompilers: Display: Worker (1/3): shaders left to compile 9
[2020.11.03-15.45.38:962][190]LogShaderCompilers: Display: Worker (2/3): shaders left to compile 8
[2020.11.03-15.45.39:144][212]LogShaderCompilers: Display: Worker (1/3): shaders left to compile 7
[2020.11.03-15.45.39:227][222]LogShaderCompilers: Display: Worker (2/3): shaders left to compile 6
[2020.11.03-15.45.39:364][235]LogShaderCompilers: Display: Worker (1/3): shaders left to compile 5
[2020.11.03-15.45.39:437][242]LogShaderCompilers: Display: Worker (2/3): shaders left to compile 4
[2020.11.03-15.45.39:444][243]LogShaderCompilers: Display: Worker (1/3): shaders left to compile 3
[2020.11.03-15.45.39:455][244]MaterialEditorStats: Base pass shader without light map: 32 instructions
[2020.11.03-15.45.39:455][244]MaterialEditorStats: Base pass vertex shader: 44 instructions
[2020.11.03-15.45.39:455][244]MaterialEditorStats: Texture samplers: 2/16
[2020.11.03-15.45.39:455][244]MaterialEditorStats: Texture Lookups (Est.): VS(0), PS(12)
[2020.11.03-15.45.39:455][244]MaterialEditorStats: User interpolators: 2/4 Scalars (1/4 Vectors) (TexCoords: 2, Custom: 0)
[2020.11.03-15.45.39:757][277]LogShaderCompilers: Display: Worker (2/3): shaders left to compile 2
[2020.11.03-15.45.39:765][278]LogShaderCompilers: Display: Worker (1/3): shaders left to compile 1
[2020.11.03-15.45.48:293][286]LogMaterialEditor: Applying material M_Test
[2020.11.03-15.45.48:664][286]LogMaterial: Display: Missing cached shader map for material M_Test, compiling. 
[2020.11.03-15.45.48:683][286]LogShaderCompilers: Display: Worker (1/3): shaders left to compile 7
[2020.11.03-15.45.48:683][286]LogShaderCompilers: Display: Worker (2/3): shaders left to compile 6
[2020.11.03-15.45.48:698][286]LogMaterial: Display: Missing cached shader map for material M_Test, compiling. 
[2020.11.03-15.45.48:708][286]LogMaterial: Display: Missing cached shader map for material M_Test, compiling. 
[2020.11.03-15.45.48:734][286]LogUObjectHash: Compacting FUObjectHashTables data took   1.34ms
[2020.11.03-15.45.48:734][286]TextureStreamingBuild: Display: Compiling optional shaders took 0.000 seconds.
[2020.11.03-15.45.48:756][286]LogUObjectHash: Compacting FUObjectHashTables data took   0.72ms
[2020.11.03-15.45.48:875][294]LogShaderCompilers: Display: Worker (1/3): shaders left to compile 13
[2020.11.03-15.45.48:976][302]LogShaderCompilers: Display: Worker (2/3): shaders left to compile 12
[2020.11.03-15.45.49:213][322]LogShaderCompilers: Display: Worker (1/3): shaders left to compile 11
[2020.11.03-15.45.49:265][327]LogShaderCompilers: Display: Worker (2/3): shaders left to compile 10
[2020.11.03-15.45.49:293][327]LogWorld: UWorld::CleanupWorld for World_2, bSessionEnded=true, bCleanupResources=true
[2020.11.03-15.45.49:437][341]LogShaderCompilers: Display: Worker (1/3): shaders left to compile 9
[2020.11.03-15.45.49:470][345]LogShaderCompilers: Display: Worker (2/3): shaders left to compile 8
[2020.11.03-15.45.49:522][351]LogShaderCompilers: Display: Worker (1/3): shaders left to compile 3
[2020.11.03-15.45.49:817][383]LogShaderCompilers: Display: Worker (1/3): shaders left to compile 1
[2020.11.03-15.45.52:145][647]LogAssetEditorManager: Opening Asset editor for Material /Game/Shaders/M_ShaderX.M_ShaderX
[2020.11.03-15.45.52:151][647]LogMaterial: Display: Missing cached shader map for material M_ShaderX, compiling. 
[2020.11.03-15.45.52:219][647]LogMaterial: Display: Missing cached shader map for material M_ShaderX, compiling. 
[2020.11.03-15.45.52:228][647]LogMaterial: Display: Missing cached shader map for material M_ShaderX, compiling. 
[2020.11.03-15.45.52:240][647]LogMaterial: Display: Missing cached shader map for material FMatExpressionPreview MaterialExpressionVectorParameter_1, compiling. 
[2020.11.03-15.45.52:250][647]LogShaderCompilers: Display: Worker (1/3): shaders left to compile 7
[2020.11.03-15.45.52:250][647]LogShaderCompilers: Display: Worker (2/3): shaders left to compile 6
[2020.11.03-15.45.52:250][647]LogMaterial: Display: Missing cached shader map for material FMatExpressionPreview MaterialExpressionVectorParameter_2, compiling. 
[2020.11.03-15.45.52:258][647]LogMaterial: Display: Missing cached shader map for material FMatExpressionPreview MaterialExpressionVectorParameter_3, compiling. 
[2020.11.03-15.45.52:362][649]LogShaderCompilers: Display: Worker (1/3): shaders left to compile 17
[2020.11.03-15.45.52:466][660]LogShaderCompilers: Display: Worker (2/3): shaders left to compile 16
[2020.11.03-15.45.52:734][688]LogShaderCompilers: Display: Worker (1/3): shaders left to compile 15
[2020.11.03-15.45.52:769][692]LogShaderCompilers: Display: Worker (2/3): shaders left to compile 14
[2020.11.03-15.45.53:063][724]LogShaderCompilers: Display: Worker (1/3): shaders left to compile 13
[2020.11.03-15.45.53:075][725]LogShaderCompilers: Display: Worker (2/3): shaders left to compile 12
[2020.11.03-15.45.53:140][733]LogShaderCompilers: Display: Worker (1/3): shaders left to compile 11
[2020.11.03-15.45.53:153][734]MaterialEditorStats: Base pass shader without light map: 32 instructions
[2020.11.03-15.45.53:153][734]MaterialEditorStats: Base pass vertex shader: 44 instructions
[2020.11.03-15.45.53:153][734]MaterialEditorStats: Texture samplers: 4/16
[2020.11.03-15.45.53:153][734]MaterialEditorStats: Texture Lookups (Est.): VS(0), PS(18)
[2020.11.03-15.45.53:153][734]MaterialEditorStats: User interpolators: 2/4 Scalars (1/4 Vectors) (TexCoords: 2, Custom: 0)
[2020.11.03-15.45.53:384][759]LogShaderCompilers: Display: Worker (2/3): shaders left to compile 10
[2020.11.03-15.45.53:451][767]LogShaderCompilers: Display: Worker (1/3): shaders left to compile 9
[2020.11.03-15.45.53:634][786]LogShaderCompilers: Display: Worker (2/3): shaders left to compile 8
[2020.11.03-15.45.53:707][794]LogShaderCompilers: Display: Worker (1/3): shaders left to compile 7
[2020.11.03-15.45.53:954][823]LogSlate: Window 'M_ShaderX' being destroyed
[2020.11.03-15.45.53:963][824]LogShaderCompilers: Display: Worker (2/3): shaders left to compile 6
[2020.11.03-15.45.54:026][832]LogShaderCompilers: Display: Worker (1/3): shaders left to compile 5
[2020.11.03-15.45.54:186][851]LogShaderCompilers: Display: Worker (2/3): shaders left to compile 4
[2020.11.03-15.45.54:253][859]LogShaderCompilers: Display: Worker (1/3): shaders left to compile 3
[2020.11.03-15.45.54:477][886]LogShaderCompilers: Display: Worker (2/3): shaders left to compile 2
[2020.11.03-15.45.54:549][894]LogShaderCompilers: Display: Worker (1/3): shaders left to compile 1
[2020.11.03-15.46.10:124][914]LogAssetEditorManager: Opening Asset editor for Material /Game/Shaders/M_ShaderA.M_ShaderA
[2020.11.03-15.46.10:130][914]LogMaterial: Display: Missing cached shader map for material M_ShaderA, compiling. 
[2020.11.03-15.46.10:184][914]LogMaterial: Display: Missing cached shader map for material M_ShaderA, compiling. 
[2020.11.03-15.46.10:193][914]LogMaterial: Display: Missing cached shader map for material M_ShaderA, compiling. 
[2020.11.03-15.46.10:205][914]LogShaderCompilers: Display: Worker (1/3): shaders left to compile 7
[2020.11.03-15.46.10:205][914]LogShaderCompilers: Display: Worker (2/3): shaders left to compile 6
[2020.11.03-15.46.10:210][914]LogMaterial: Display: Missing cached shader map for material FMatExpressionPreview MaterialExpressionVectorParameter_1, compiling. 
[2020.11.03-15.46.10:299][915]LogShaderCompilers: Display: Worker (1/3): shaders left to compile 9
[2020.11.03-15.46.10:379][923]LogShaderCompilers: Display: Worker (2/3): shaders left to compile 8
[2020.11.03-15.46.10:613][950]LogShaderCompilers: Display: Worker (1/3): shaders left to compile 7
[2020.11.03-15.46.10:637][953]LogShaderCompilers: Display: Worker (2/3): shaders left to compile 6
[2020.11.03-15.46.10:840][976]LogShaderCompilers: Display: Worker (1/3): shaders left to compile 5
[2020.11.03-15.46.10:858][978]LogShaderCompilers: Display: Worker (2/3): shaders left to compile 4
[2020.11.03-15.46.10:914][984]LogShaderCompilers: Display: Worker (1/3): shaders left to compile 3
[2020.11.03-15.46.10:926][985]MaterialEditorStats: Base pass shader without light map: 42 instructions
[2020.11.03-15.46.10:926][985]MaterialEditorStats: Base pass vertex shader: 40 instructions
[2020.11.03-15.46.10:926][985]MaterialEditorStats: Texture samplers: 5/16
[2020.11.03-15.46.10:926][985]MaterialEditorStats: Texture Lookups (Est.): VS(0), PS(7)
[2020.11.03-15.46.11:201][ 12]LogShaderCompilers: Display: Worker (2/3): shaders left to compile 2
[2020.11.03-15.46.11:251][ 18]LogShaderCompilers: Display: Worker (1/3): shaders left to compile 1
[2020.11.03-15.46.15:630][533]LogWorld: UWorld::CleanupWorld for World_4, bSessionEnded=true, bCleanupResources=true
[2020.11.03-15.46.17:265][716]LogAssetEditorManager: Opening Asset editor for MaterialInstanceConstant /Game/Shaders/M_ShaderA_Inst.M_ShaderA_Inst
[2020.11.03-15.46.17:350][716]LogRenderer: Reallocating scene render targets to support 1076x1040 Format 10 NumSamples 1 (Frame:1).
[2020.11.03-15.46.19:724][996]LogAssetEditorManager: Opening Asset editor for MaterialInstanceConstant /Game/Shaders/M_ShaderB_Inst.M_ShaderB_Inst
[2020.11.03-15.46.22:004][258]LogAssetEditorManager: Opening Asset editor for MaterialInstanceConstant /Game/Shaders/M_ShaderC_Inst.M_ShaderC_Inst
[2020.11.03-15.54.18:157][511]LogUObjectHash: Compacting FUObjectHashTables data took   1.56ms
[2020.11.03-15.54.18:157][511]LogFileHelpers: Editor autosave (incl. sublevels) for '/Temp/Untitled_0' took 0.027
[2020.11.03-15.54.18:159][511]OBJ SavePackage: Generating thumbnails for [1] asset(s) in package [/Game/Shaders/M_Test] ([1] browsable assets)...
[2020.11.03-15.54.18:179][511]OBJ SavePackage:     Rendered thumbnail for [Material /Game/Shaders/M_Test.M_Test]
[2020.11.03-15.54.18:179][511]OBJ SavePackage: Finished generating thumbnails for package [/Game/Shaders/M_Test]
[2020.11.03-15.54.18:208][511]LogSavePackage: Moving '../../../../../../Users/chloe/Documents/Year3/BSc3A_ExperimentalPractice/Project/Saved/M_Test_Auto1A211DCB2427D8F28B3974CAF2FF2A8F1.tmp' to '../../../../../../Users/chloe/Documents/Year3/BSc3A_ExperimentalPractice/Project/Saved/Autosaves/Game/Shaders/M_Test_Auto1.uasset'
[2020.11.03-15.54.18:210][511]LogFileHelpers: Auto-saving content packages took 0.052
[2020.11.03-15.54.18:224][512]LogEditorSessionSummary: EditorSessionSummary sent report. Type=Shutdown, SessionId={905978A2-4EF8-79E0-0024-EAAE7BEC0E65}
[2020.11.03-16.01.07:562][ 69]LogAudio: Warning: Current Audio Device with ID {0.0.0.00000000}.{0bfc0efb-112d-48a9-a7dd-a215c807169d} was removed. Shutting down audio device.
[2020.11.03-16.01.07:562][ 69]LogInit: XAudio2 using 'Speakers (Realtek(R) Audio)' : 2 channels at 48 kHz using 32 bits per sample (channel mask 0x3)
[2020.11.03-16.10.08:675][681]LogInit: XAudio2 using 'Speakers (Realtek(R) Audio)' : 2 channels at 48 kHz using 32 bits per sample (channel mask 0x3)
[2020.11.03-16.10.18:061][709]LogInit: XAudio2 using 'Headphones (Bluedio Stereo)' : 2 channels at 44.1 kHz using 16 bits per sample (channel mask 0x3)
[2020.11.03-16.37.16:502][537]LogAudio: Warning: Current Audio Device with ID {0.0.0.00000000}.{0bfc0efb-112d-48a9-a7dd-a215c807169d} was removed. Shutting down audio device.
[2020.11.03-16.37.16:502][537]LogInit: XAudio2 using 'Speakers (Realtek(R) Audio)' : 2 channels at 48 kHz using 32 bits per sample (channel mask 0x3)
[2020.11.03-16.37.16:838][538]LogInit: XAudio2 using 'Speakers (Realtek(R) Audio)' : 2 channels at 48 kHz using 32 bits per sample (channel mask 0x3)
[2020.11.03-16.38.25:206][742]LogAudio: Warning: Current Audio Device with ID {0.0.0.00000000}.{0bc9e6b6-54ce-461a-9370-ade6c9f2855a} was removed. Shutting down audio device.
[2020.11.03-16.38.25:206][742]LogInit: XAudio2 using 'HP LP2475w (2- NVIDIA High Definition Audio)' : 2 channels at 48 kHz using 16 bits per sample (channel mask 0x3)
[2020.11.03-16.38.51:334][820]LogInit: XAudio2 using 'Speakers (Realtek(R) Audio)' : 2 channels at 48 kHz using 32 bits per sample (channel mask 0x3)
[2020.11.03-16.39.51:411][999]LogInit: XAudio2 using 'Speakers (Realtek(R) Audio)' : 2 channels at 48 kHz using 32 bits per sample (channel mask 0x3)
[2020.11.03-16.40.10:164][ 55]LogInit: XAudio2 using 'Speakers (Realtek(R) Audio)' : 2 channels at 48 kHz using 32 bits per sample (channel mask 0x3)
[2020.11.03-17.20.14:940][832]LogUObjectHash: Compacting FUObjectHashTables data took   7.42ms
[2020.11.03-17.20.15:052][832]Cmd: OBJ SAVEPACKAGE PACKAGE="/Game/Shaders/M_Test" FILE="../../../../../../Users/chloe/Documents/Year3/BSc3A_ExperimentalPractice/Project/Content/Shaders/M_Test.uasset" SILENT=true
[2020.11.03-17.20.15:098][832]LogSavePackage: Moving '../../../../../../Users/chloe/Documents/Year3/BSc3A_ExperimentalPractice/Project/Saved/M_Test19141CAE4139A63331DA168DE72DCCCA.tmp' to '../../../../../../Users/chloe/Documents/Year3/BSc3A_ExperimentalPractice/Project/Content/Shaders/M_Test.uasset'
[2020.11.03-17.20.50:637][252]LogInit: XAudio2 using 'Speakers (Realtek(R) Audio)' : 2 channels at 48 kHz using 32 bits per sample (channel mask 0x3)
[2020.11.03-17.20.50:952][253]LogInit: XAudio2 using 'Speakers (Realtek(R) Audio)' : 2 channels at 48 kHz using 32 bits per sample (channel mask 0x3)
[2020.11.03-17.21.14:753][324]LogInit: XAudio2 using 'Speakers (Realtek(R) Audio)' : 2 channels at 48 kHz using 32 bits per sample (channel mask 0x3)
[2020.11.03-17.24.45:511][212]SourceControl: fatal: C:/Program Files/Epic Games/UE_4.23/Engine/Content: 'C:/Program Files/Epic Games/UE_4.23/Engine/Content' is outside repository
[2020.11.03-17.24.58:245][212]LogSlate: Window 'Submit Files' being destroyed
[2020.11.03-17.24.59:263][212]LogSourceControl: commit successful: [main 6f4a31d] - renaming shaders to match survey (A, B, C, X)
[2020.11.03-17.24.59:439][212]SourceControl: [main 6f4a31d] - renaming shaders to match survey (A, B, C, X)
[2020.11.03-17.24.59:439][212]SourceControl:  17 files changed, 0 insertions(+), 0 deletions(-)
[2020.11.03-17.24.59:439][212]SourceControl:  rewrite Project/Content/ImportedCharacter/Ch03_Body_Test.uasset (96%)
[2020.11.03-17.24.59:439][212]SourceControl:  rewrite Project/Content/Shaders/M_NiNoKuni.uasset (100%)
[2020.11.03-17.24.59:439][212]SourceControl:  rewrite Project/Content/Shaders/M_NiNoKuni_Inst.uasset (100%)
[2020.11.03-17.24.59:439][212]SourceControl:  create mode 100644 Project/Content/Shaders/M_ShaderA.uasset
[2020.11.03-17.24.59:439][212]SourceControl:  create mode 100644 Project/Content/Shaders/M_ShaderA_Inst.uasset
[2020.11.03-17.24.59:439][212]SourceControl:  create mode 100644 Project/Content/Shaders/M_ShaderB.uasset
[2020.11.03-17.24.59:439][212]SourceControl:  create mode 100644 Project/Content/Shaders/M_ShaderB_Inst.uasset
[2020.11.03-17.24.59:439][212]SourceControl:  copy Project/Content/Shaders/{M_Spider-Man.uasset => M_ShaderC.uasset} (50%)
[2020.11.03-17.24.59:439][212]SourceControl:  create mode 100644 Project/Content/Shaders/M_ShaderC_Inst.uasset
[2020.11.03-17.24.59:439][212]SourceControl:  create mode 100644 Project/Content/Shaders/M_ShaderX.uasset
[2020.11.03-17.24.59:439][212]SourceControl:  create mode 100644 Project/Content/Shaders/M_ShaderX_Inst.uasset
[2020.11.03-17.24.59:439][212]SourceControl:  rewrite Project/Content/Shaders/M_Spider-Man.uasset (100%)
[2020.11.03-17.24.59:439][212]SourceControl:  rewrite Project/Content/Shaders/M_Spider-Man_Inst.uasset (100%)
[2020.11.03-17.24.59:439][212]SourceControl:  rewrite Project/Content/Shaders/M_Test.uasset (74%)
[2020.11.03-17.24.59:439][212]SourceControl:  rewrite Project/Content/Shaders/M_WindWaker.uasset (100%)
[2020.11.03-17.24.59:439][212]SourceControl:  rewrite Project/Content/Shaders/M_WindWaker_Inst.uasset (100%)
[2020.11.03-17.24.59:446][212]SourceControl: Commited [main 6f4a31d] - renaming shaders to match survey (A, B, C, X).
